Using pre-set license
Built from '2022.3/staging' branch; Version is '2022.3.15f1 (b58023a2b463) revision 11894819'; Using compiler version '192829333'; Build Type 'Release'
OS: 'Windows 11  (10.0.22631) 64bit CoreSingleLanguage' Language: 'en' Physical Memory: 16147 MB
BatchMode: 1, IsHumanControllingUs: 0, StartBugReporterOnCrash: 0, Is64bit: 1, IsPro: 1

COMMAND LINE ARGUMENTS:
C:\Program Files\Unity\Hub\Editor\2022.3.15f1\Editor\Unity.exe
-adb2
-batchMode
-noUpm
-name
AssetImportWorker2
-projectPath
D:/Unity/Project_3D
-logFile
Logs/AssetImportWorker2.log
-srvPort
65010
Successfully changed project path to: D:/Unity/Project_3D
D:/Unity/Project_3D
[UnityMemory] Configuration Parameters - Can be set up in boot.config
    "memorysetup-bucket-allocator-granularity=16"
    "memorysetup-bucket-allocator-bucket-count=8"
    "memorysetup-bucket-allocator-block-size=33554432"
    "memorysetup-bucket-allocator-block-count=8"
    "memorysetup-main-allocator-block-size=16777216"
    "memorysetup-thread-allocator-block-size=16777216"
    "memorysetup-gfx-main-allocator-block-size=16777216"
    "memorysetup-gfx-thread-allocator-block-size=16777216"
    "memorysetup-cache-allocator-block-size=4194304"
    "memorysetup-typetree-allocator-block-size=2097152"
    "memorysetup-profiler-bucket-allocator-granularity=16"
    "memorysetup-profiler-bucket-allocator-bucket-count=8"
    "memorysetup-profiler-bucket-allocator-block-size=33554432"
    "memorysetup-profiler-bucket-allocator-block-count=8"
    "memorysetup-profiler-allocator-block-size=16777216"
    "memorysetup-profiler-editor-allocator-block-size=1048576"
    "memorysetup-temp-allocator-size-main=16777216"
    "memorysetup-job-temp-allocator-block-size=2097152"
    "memorysetup-job-temp-allocator-block-size-background=1048576"
    "memorysetup-job-temp-allocator-reduction-small-platforms=262144"
    "memorysetup-allocator-temp-initial-block-size-main=262144"
    "memorysetup-allocator-temp-initial-block-size-worker=262144"
    "memorysetup-temp-allocator-size-background-worker=32768"
    "memorysetup-temp-allocator-size-job-worker=262144"
    "memorysetup-temp-allocator-size-preload-manager=33554432"
    "memorysetup-temp-allocator-size-nav-mesh-worker=65536"
    "memorysetup-temp-allocator-size-audio-worker=65536"
    "memorysetup-temp-allocator-size-cloud-worker=32768"
    "memorysetup-temp-allocator-size-gi-baking-worker=262144"
    "memorysetup-temp-allocator-size-gfx=262144"
Player connection [33092] Host "[IP] 192.168.52.1 [Port] 0 [Flags] 2 [Guid] 2121655710 [EditorId] 2121655710 [Version] 1048832 [Id] WindowsEditor(7,LAPTOP-FLTTGF5G) [Debug] 1 [PackageName] WindowsEditor [ProjectName] Editor" joined multi-casting on [225.0.0.222:54997]...

Player connection [33092] Host "[IP] 192.168.52.1 [Port] 0 [Flags] 2 [Guid] 2121655710 [EditorId] 2121655710 [Version] 1048832 [Id] WindowsEditor(7,LAPTOP-FLTTGF5G) [Debug] 1 [PackageName] WindowsEditor [ProjectName] Editor" joined alternative multi-casting on [225.0.0.222:34997]...

[Physics::Module] Initialized MultithreadedJobDispatcher with 15 workers.
Refreshing native plugins compatible for Editor in 7.17 ms, found 3 plugins.
Preloading 0 native plugins for Editor in 0.00 ms.
Initialize engine version: 2022.3.15f1 (b58023a2b463)
[Subsystems] Discovering subsystems at path C:/Program Files/Unity/Hub/Editor/2022.3.15f1/Editor/Data/Resources/UnitySubsystems
[Subsystems] Discovering subsystems at path D:/Unity/Project_3D/Assets
GfxDevice: creating device client; threaded=0; jobified=0
Direct3D:
    Version:  Direct3D 11.0 [level 11.1]
    Renderer: NVIDIA GeForce RTX 3050 Ti Laptop GPU (ID=0x25a0)
    Vendor:   NVIDIA
    VRAM:     3962 MB
    Driver:   32.0.15.5599
Initialize mono
Mono path[0] = 'C:/Program Files/Unity/Hub/Editor/2022.3.15f1/Editor/Data/Managed'
Mono path[1] = 'C:/Program Files/Unity/Hub/Editor/2022.3.15f1/Editor/Data/MonoBleedingEdge/lib/mono/unityjit-win32'
Mono config path = 'C:/Program Files/Unity/Hub/Editor/2022.3.15f1/Editor/Data/MonoBleedingEdge/etc'
Using monoOptions --debugger-agent=transport=dt_socket,embedding=1,server=y,suspend=n,address=127.0.0.1:56100
Begin MonoManager ReloadAssembly
Registering precompiled unity dll's ...
Register platform support module: C:/Program Files/Unity/Hub/Editor/2022.3.15f1/Editor/Data/PlaybackEngines/WebGLSupport/UnityEditor.WebGL.Extensions.dll
Register platform support module: C:/Program Files/Unity/Hub/Editor/2022.3.15f1/Editor/Data/PlaybackEngines/WindowsStandaloneSupport/UnityEditor.WindowsStandalone.Extensions.dll
Registered in 0.005487 seconds.
- Loaded All Assemblies, in  0.350 seconds
Native extension for WindowsStandalone target not found
Native extension for WebGL target not found
Mono: successfully reloaded assembly
- Finished resetting the current domain, in  0.270 seconds
Domain Reload Profiling: 619ms
	BeginReloadAssembly (111ms)
		ExecutionOrderSort (0ms)
		DisableScriptedObjects (0ms)
		BackupInstance (0ms)
		ReleaseScriptingObjects (0ms)
		CreateAndSetChildDomain (1ms)
	RebuildCommonClasses (30ms)
	RebuildNativeTypeToScriptingClass (9ms)
	initialDomainReloadingComplete (52ms)
	LoadAllAssembliesAndSetupDomain (146ms)
		LoadAssemblies (110ms)
		RebuildTransferFunctionScriptingTraits (0ms)
		AnalyzeDomain (144ms)
			TypeCache.Refresh (142ms)
				TypeCache.ScanAssembly (124ms)
			ScanForSourceGeneratedMonoScriptInfo (1ms)
			ResolveRequiredComponents (1ms)
	FinalizeReload (270ms)
		ReleaseScriptCaches (0ms)
		RebuildScriptCaches (0ms)
		SetupLoadedEditorAssemblies (216ms)
			LogAssemblyErrors (0ms)
			InitializePlatformSupportModulesInManaged (10ms)
			SetLoadedEditorAssemblies (6ms)
			RefreshPlugins (0ms)
			BeforeProcessingInitializeOnLoad (2ms)
			ProcessInitializeOnLoadAttributes (140ms)
			ProcessInitializeOnLoadMethodAttributes (58ms)
			AfterProcessingInitializeOnLoad (0ms)
			EditorAssembliesLoaded (0ms)
		ExecutionOrderSort2 (0ms)
		AwakeInstancesAfterBackupRestoration (0ms)
========================================================================
Worker process is ready to serve import requests
Begin MonoManager ReloadAssembly
- Loaded All Assemblies, in  0.685 seconds
Refreshing native plugins compatible for Editor in 1.64 ms, found 3 plugins.
Native extension for WindowsStandalone target not found
Native extension for WebGL target not found
Package Manager log level set to [2]
[Package Manager] Server::EnsureServerProcessIsRunning -- launch failed, reason: Unity was launched with the -noUpm command-line argument
[Package Manager] UpmClient::Send -- Unable to send message (not connected to UPM process).
[Package Manager] Cannot connect to Unity Package Manager local server
Mono: successfully reloaded assembly
- Finished resetting the current domain, in  0.475 seconds
Domain Reload Profiling: 1159ms
	BeginReloadAssembly (177ms)
		ExecutionOrderSort (0ms)
		DisableScriptedObjects (6ms)
		BackupInstance (0ms)
		ReleaseScriptingObjects (0ms)
		CreateAndSetChildDomain (30ms)
	RebuildCommonClasses (39ms)
	RebuildNativeTypeToScriptingClass (13ms)
	initialDomainReloadingComplete (43ms)
	LoadAllAssembliesAndSetupDomain (412ms)
		LoadAssemblies (349ms)
		RebuildTransferFunctionScriptingTraits (0ms)
		AnalyzeDomain (161ms)
			TypeCache.Refresh (137ms)
				TypeCache.ScanAssembly (119ms)
			ScanForSourceGeneratedMonoScriptInfo (17ms)
			ResolveRequiredComponents (7ms)
	FinalizeReload (475ms)
		ReleaseScriptCaches (0ms)
		RebuildScriptCaches (0ms)
		SetupLoadedEditorAssemblies (355ms)
			LogAssemblyErrors (0ms)
			InitializePlatformSupportModulesInManaged (5ms)
			SetLoadedEditorAssemblies (2ms)
			RefreshPlugins (0ms)
			BeforeProcessingInitializeOnLoad (49ms)
			ProcessInitializeOnLoadAttributes (243ms)
			ProcessInitializeOnLoadMethodAttributes (53ms)
			AfterProcessingInitializeOnLoad (4ms)
			EditorAssembliesLoaded (0ms)
		ExecutionOrderSort2 (0ms)
		AwakeInstancesAfterBackupRestoration (6ms)
Launched and connected shader compiler UnityShaderCompiler.exe after 0.03 seconds
Refreshing native plugins compatible for Editor in 1.34 ms, found 3 plugins.
Preloading 0 native plugins for Editor in 0.00 ms.
Unloading 4928 Unused Serialized files (Serialized files now loaded: 0)
Unloading 65 unused Assets / (350.9 KB). Loaded Objects now: 5386.
Memory consumption went from 201.7 MB to 201.4 MB.
Total: 3.328000 ms (FindLiveObjects: 0.342700 ms CreateObjectMapping: 0.136500 ms MarkObjects: 2.668800 ms  DeleteObjects: 0.178900 ms)

AssetImportParameters requested are different than current active one (requested -> active):
  custom:container-demuxer-ogg: 62fdf1f143b41e24485cea50d1cbac27 -> 
  custom:video-decoder-ogg-theora: a1e56fd34408186e4bbccfd4996cb3dc -> 
  custom:framework-win-MediaFoundation: 216162199b28c13a410421893ffa2e32 -> 
  custom:CustomObjectIndexerAttribute: 4d1d7186bcbbfe361de5f0ad951e585c -> 
  custom:container-demuxer-webm: 4f35f7cbe854078d1ac9338744f61a02 -> 
  custom:container-muxer-webm: aa71ff27fc2769a1b78a27578f13a17b -> 
  custom:video-decoder-webm-vp8: 9c59270c3fd7afecdb556c50c9e8de78 -> 
  custom:SearchIndexIgnoredProperties: e643bd26f0fe6173181afceb89e7c659 -> 
  custom:AudioImporter_EditorPlatform: d09bf68614088b80899f8185d706f6e7 -> 
  custom:video-encoder-webm-vp8: eb34c28f22e8b96e1ab97ce403110664 -> 
  custom:audio-decoder-ogg-vorbis: bf7c407c2cedff20999df2af8eb42d56 -> 
  custom:audio-encoder-webm-vorbis: bf7c407c2cedff20999df2af8eb42d56 -> 
========================================================================
Received Import Request.
  Time since last request: 378367.599754 seconds.
  path: Assets/Low-Poly Medieval Market/Prefabs/Fish_market_with_sections.prefab
  artifactKey: Guid(5ed459fa9af3cc54a8803d749f445718) Importer(815301076,1909f56bfc062723c751e8b465ee728b)
Start importing Assets/Low-Poly Medieval Market/Prefabs/Fish_market_with_sections.prefab using Guid(5ed459fa9af3cc54a8803d749f445718) Importer(815301076,1909f56bfc062723c751e8b465ee728b)  -> (artifact id: '1bad0a795f8c1e6229ae86d8deef7379') in 1.458416 seconds
Number of updated asset objects reloaded before import = 0
Number of asset objects unloaded after import = 246
========================================================================
Received Import Request.
  Time since last request: 46.273372 seconds.
  path: Assets/Low-Poly Medieval Market/Textures/Bakery market texture.tif
  artifactKey: Guid(fbcaea10385462040a79c4950d5f65ed) Importer(815301076,1909f56bfc062723c751e8b465ee728b)
Start importing Assets/Low-Poly Medieval Market/Textures/Bakery market texture.tif using Guid(fbcaea10385462040a79c4950d5f65ed) Importer(815301076,1909f56bfc062723c751e8b465ee728b)  -> (artifact id: 'c666261c379876218bd87b20309c6713') in 0.100874 seconds
Number of updated asset objects reloaded before import = 0
Number of asset objects unloaded after import = 2
========================================================================
Received Import Request.
  Time since last request: 40.040763 seconds.
  path: Assets/Low-Poly Medieval Market/Models/apple_green.fbx
  artifactKey: Guid(71c5647d13e97ec4c8f30cc729c99940) Importer(815301076,1909f56bfc062723c751e8b465ee728b)
Start importing Assets/Low-Poly Medieval Market/Models/apple_green.fbx using Guid(71c5647d13e97ec4c8f30cc729c99940) Importer(815301076,1909f56bfc062723c751e8b465ee728b)  -> (artifact id: '0c4a70713d695537bed7dd5166ee952d') in 0.879246 seconds
Number of updated asset objects reloaded before import = 0
Number of asset objects unloaded after import = 8
========================================================================
Received Import Request.
  Time since last request: 8.558404 seconds.
  path: Assets/Low-Poly Medieval Market/Materials/Bakery matket.mat
  artifactKey: Guid(8444303dee6f21e4c943696eae671249) Importer(815301076,1909f56bfc062723c751e8b465ee728b)
Start importing Assets/Low-Poly Medieval Market/Materials/Bakery matket.mat using Guid(8444303dee6f21e4c943696eae671249) Importer(815301076,1909f56bfc062723c751e8b465ee728b)  -> (artifact id: '1b842e79139349020d5e8f51f9aff720') in 0.089672 seconds
Number of updated asset objects reloaded before import = 0
Number of asset objects unloaded after import = 3
========================================================================
Received Import Request.
  Time since last request: 0.000026 seconds.
  path: Assets/Low-Poly Medieval Market/Materials/Weapon market.mat
  artifactKey: Guid(12f7312dd149c3b4a92b4216a8ae4800) Importer(815301076,1909f56bfc062723c751e8b465ee728b)
Start importing Assets/Low-Poly Medieval Market/Materials/Weapon market.mat using Guid(12f7312dd149c3b4a92b4216a8ae4800) Importer(815301076,1909f56bfc062723c751e8b465ee728b)  -> (artifact id: '3817f1dee90f5d78fd43f9097011f03c') in 0.090590 seconds
Number of updated asset objects reloaded before import = 0
Number of asset objects unloaded after import = 3
========================================================================
Received Import Request.
  Time since last request: 54.482388 seconds.
  path: Assets/Low-Poly Medieval Market/Prefabs/Environment/AllGrass.prefab
  artifactKey: Guid(f5de71aef69c62843b610b795151f551) Importer(815301076,1909f56bfc062723c751e8b465ee728b)
Start importing Assets/Low-Poly Medieval Market/Prefabs/Environment/AllGrass.prefab using Guid(f5de71aef69c62843b610b795151f551) Importer(815301076,1909f56bfc062723c751e8b465ee728b)  -> (artifact id: 'd649df4b2024aac5fa28db89441a6792') in 0.137598 seconds
Number of updated asset objects reloaded before import = 0
Number of asset objects unloaded after import = 7893
========================================================================
Received Import Request.
  Time since last request: 0.000065 seconds.
  path: Assets/Low-Poly Medieval Market/Prefabs/Fruits and vegetables/banana_connector.prefab
  artifactKey: Guid(538c8ff5c1fc93a4d979678be31d7563) Importer(815301076,1909f56bfc062723c751e8b465ee728b)
Start importing Assets/Low-Poly Medieval Market/Prefabs/Fruits and vegetables/banana_connector.prefab using Guid(538c8ff5c1fc93a4d979678be31d7563) Importer(815301076,1909f56bfc062723c751e8b465ee728b)  -> (artifact id: 'a8f89d1eafe0fab414a2dac3fac28fce') in 0.052967 seconds
Number of updated asset objects reloaded before import = 0
Number of asset objects unloaded after import = 10
========================================================================
Received Import Request.
  Time since last request: 0.000028 seconds.
  path: Assets/Low-Poly Medieval Market/Models/FBX Weapon market/armor.fbx
  artifactKey: Guid(1faa42e8152413b478ba3f56597e6e6c) Importer(815301076,1909f56bfc062723c751e8b465ee728b)
Start importing Assets/Low-Poly Medieval Market/Models/FBX Weapon market/armor.fbx using Guid(1faa42e8152413b478ba3f56597e6e6c) Importer(815301076,1909f56bfc062723c751e8b465ee728b)  -> (artifact id: '9c22394502803c4e154c6c2b6fd8d442') in 0.032247 seconds
Number of updated asset objects reloaded before import = 0
Number of asset objects unloaded after import = 8
========================================================================
Received Import Request.
  Time since last request: 0.000019 seconds.
  path: Assets/Low-Poly Medieval Market/Prefabs/Weapons/blacksmith_hammer.prefab
  artifactKey: Guid(bceb571a8d099a343a86ddb624f88303) Importer(815301076,1909f56bfc062723c751e8b465ee728b)
Start importing Assets/Low-Poly Medieval Market/Prefabs/Weapons/blacksmith_hammer.prefab using Guid(bceb571a8d099a343a86ddb624f88303) Importer(815301076,1909f56bfc062723c751e8b465ee728b)  -> (artifact id: '2d54d31c9dd06a91506b2155a78f105b') in 0.054887 seconds
Number of updated asset objects reloaded before import = 0
Number of asset objects unloaded after import = 10
========================================================================
Received Import Request.
  Time since last request: 0.000056 seconds.
  path: Assets/Low-Poly Medieval Market/Prefabs/Weapons/axe.prefab
  artifactKey: Guid(8b8e806db3adde3489409c3768a42f9a) Importer(815301076,1909f56bfc062723c751e8b465ee728b)
Start importing Assets/Low-Poly Medieval Market/Prefabs/Weapons/axe.prefab using Guid(8b8e806db3adde3489409c3768a42f9a) Importer(815301076,1909f56bfc062723c751e8b465ee728b)  -> (artifact id: 'aaf40bfbeafd9f8e077aba422b313eae') in 0.040732 seconds
Number of updated asset objects reloaded before import = 0
Number of asset objects unloaded after import = 10
========================================================================
Received Import Request.
  Time since last request: 0.000036 seconds.
  path: Assets/Low-Poly Medieval Market/Models/FBX Weapon market/armor_shoulder_pad_left.fbx
  artifactKey: Guid(44806fb2e265b4b41a2c0f0ec40d228b) Importer(815301076,1909f56bfc062723c751e8b465ee728b)
Start importing Assets/Low-Poly Medieval Market/Models/FBX Weapon market/armor_shoulder_pad_left.fbx using Guid(44806fb2e265b4b41a2c0f0ec40d228b) Importer(815301076,1909f56bfc062723c751e8b465ee728b)  -> (artifact id: 'bfe77eca4799034ee500c48e3f5f198d') in 0.019565 seconds
Number of updated asset objects reloaded before import = 0
Number of asset objects unloaded after import = 8
========================================================================
Received Import Request.
  Time since last request: 1.185060 seconds.
  path: Assets/Low-Poly Medieval Market/Prefabs/Weapons/crossbow.prefab
  artifactKey: Guid(8d5cf3cf8ffea8644b3a44cd6870c703) Importer(815301076,1909f56bfc062723c751e8b465ee728b)
Start importing Assets/Low-Poly Medieval Market/Prefabs/Weapons/crossbow.prefab using Guid(8d5cf3cf8ffea8644b3a44cd6870c703) Importer(815301076,1909f56bfc062723c751e8b465ee728b)  -> (artifact id: '3d93dcd356adc074e4ce602c3e272358') in 0.042808 seconds
Number of updated asset objects reloaded before import = 0
Number of asset objects unloaded after import = 25
========================================================================
Received Import Request.
  Time since last request: 0.000028 seconds.
  path: Assets/Low-Poly Medieval Market/Models/FBX Weapon market/curved_dagger.fbx
  artifactKey: Guid(f1a0421a7505c384d9b6402d189e3a3c) Importer(815301076,1909f56bfc062723c751e8b465ee728b)
Start importing Assets/Low-Poly Medieval Market/Models/FBX Weapon market/curved_dagger.fbx using Guid(f1a0421a7505c384d9b6402d189e3a3c) Importer(815301076,1909f56bfc062723c751e8b465ee728b)  -> (artifact id: '8c22ac5b04948850a19ef0d3c023ddb7') in 0.018036 seconds
Number of updated asset objects reloaded before import = 0
Number of asset objects unloaded after import = 8
========================================================================
Received Import Request.
  Time since last request: 0.312692 seconds.
  path: Assets/Low-Poly Medieval Market/Prefabs/Weapons/dagger.prefab
  artifactKey: Guid(0118f73dbd62e9a48a59bb12475c9a5f) Importer(815301076,1909f56bfc062723c751e8b465ee728b)
Start importing Assets/Low-Poly Medieval Market/Prefabs/Weapons/dagger.prefab using Guid(0118f73dbd62e9a48a59bb12475c9a5f) Importer(815301076,1909f56bfc062723c751e8b465ee728b)  -> (artifact id: 'beccba251f0f504e3859341d2d1947b0') in 0.035287 seconds
Number of updated asset objects reloaded before import = 0
Number of asset objects unloaded after import = 10
========================================================================
Received Import Request.
  Time since last request: 0.445266 seconds.
  path: Assets/Low-Poly Medieval Market/Prefabs/Environment/fence_circle_01.prefab
  artifactKey: Guid(dcff8628b1c734747a290d43987dcbad) Importer(815301076,1909f56bfc062723c751e8b465ee728b)
Start importing Assets/Low-Poly Medieval Market/Prefabs/Environment/fence_circle_01.prefab using Guid(dcff8628b1c734747a290d43987dcbad) Importer(815301076,1909f56bfc062723c751e8b465ee728b)  -> (artifact id: '5d7018f55cf702b8f150e67bf7d8f3da') in 0.019806 seconds
Number of updated asset objects reloaded before import = 0
Number of asset objects unloaded after import = 41
========================================================================
Received Import Request.
  Time since last request: 0.309912 seconds.
  path: Assets/Low-Poly Medieval Market/Prefabs/Environment/grass_01.prefab
  artifactKey: Guid(31b38e2e572cb2840bb6d968ffe63240) Importer(815301076,1909f56bfc062723c751e8b465ee728b)
Start importing Assets/Low-Poly Medieval Market/Prefabs/Environment/grass_01.prefab using Guid(31b38e2e572cb2840bb6d968ffe63240) Importer(815301076,1909f56bfc062723c751e8b465ee728b)  -> (artifact id: 'fa3f1c4ae434f3d2ad25827bbc15ea41') in 0.022185 seconds
Number of updated asset objects reloaded before import = 0
Number of asset objects unloaded after import = 10
========================================================================
Received Import Request.
  Time since last request: 0.000022 seconds.
  path: Assets/Low-Poly Medieval Market/Prefabs/Environment/Latern.prefab
  artifactKey: Guid(d6cfbca0aa720344e9a0d920d30c1e75) Importer(815301076,1909f56bfc062723c751e8b465ee728b)
Start importing Assets/Low-Poly Medieval Market/Prefabs/Environment/Latern.prefab using Guid(d6cfbca0aa720344e9a0d920d30c1e75) Importer(815301076,1909f56bfc062723c751e8b465ee728b)  -> (artifact id: 'e048a720d4162a5432c3a8743d2d4d2e') in 0.722812 seconds
Number of updated asset objects reloaded before import = 0
Number of asset objects unloaded after import = 20
========================================================================
Received Import Request.
  Time since last request: 0.312334 seconds.
  path: Assets/Low-Poly Medieval Market/Models/pinch_of_flour.fbx
  artifactKey: Guid(6776ea93397693b4fae5de70fc3312da) Importer(815301076,1909f56bfc062723c751e8b465ee728b)
Start importing Assets/Low-Poly Medieval Market/Models/pinch_of_flour.fbx using Guid(6776ea93397693b4fae5de70fc3312da) Importer(815301076,1909f56bfc062723c751e8b465ee728b)  -> (artifact id: '76818164edd4a4d8d3fc9d7deb85c611') in 0.015869 seconds
Number of updated asset objects reloaded before import = 0
Number of asset objects unloaded after import = 8
========================================================================
Received Import Request.
  Time since last request: 0.002292 seconds.
  path: Assets/Low-Poly Medieval Market/Models/round_cheese.fbx
  artifactKey: Guid(d320db67a194e4149bb4d75d749a92b8) Importer(815301076,1909f56bfc062723c751e8b465ee728b)
Start importing Assets/Low-Poly Medieval Market/Models/round_cheese.fbx using Guid(d320db67a194e4149bb4d75d749a92b8) Importer(815301076,1909f56bfc062723c751e8b465ee728b)  -> (artifact id: '782a11b81e497df4173c043ef9de91b2') in 0.020299 seconds
Number of updated asset objects reloaded before import = 0
Number of asset objects unloaded after import = 8
========================================================================
Received Import Request.
  Time since last request: 0.611273 seconds.
  path: Assets/Low-Poly Medieval Market/Models/section_03.fbx
  artifactKey: Guid(ed8102e1c7df3c648b958df65f36a6e0) Importer(815301076,1909f56bfc062723c751e8b465ee728b)
Start importing Assets/Low-Poly Medieval Market/Models/section_03.fbx using Guid(ed8102e1c7df3c648b958df65f36a6e0) Importer(815301076,1909f56bfc062723c751e8b465ee728b)  -> (artifact id: 'f4d603fa6ed5614e7133b64993c538fd') in 0.017221 seconds
Number of updated asset objects reloaded before import = 0
Number of asset objects unloaded after import = 8
========================================================================
Received Import Request.
  Time since last request: 0.400051 seconds.
  path: Assets/Low-Poly Medieval Market/Models/FBX Weapon market/shield_02.fbx
  artifactKey: Guid(5dc97710549f712458a2b645bd43c48a) Importer(815301076,1909f56bfc062723c751e8b465ee728b)
Start importing Assets/Low-Poly Medieval Market/Models/FBX Weapon market/shield_02.fbx using Guid(5dc97710549f712458a2b645bd43c48a) Importer(815301076,1909f56bfc062723c751e8b465ee728b)  -> (artifact id: '5143c92b0e9ab87a56110bcf2c0c7338') in 0.021445 seconds
Number of updated asset objects reloaded before import = 0
Number of asset objects unloaded after import = 8
========================================================================
Received Import Request.
  Time since last request: 0.000047 seconds.
  path: Assets/Low-Poly Medieval Market/Models/table_01.fbx
  artifactKey: Guid(9132b2a44c0e3684a92c1c63cc400b39) Importer(815301076,1909f56bfc062723c751e8b465ee728b)
Start importing Assets/Low-Poly Medieval Market/Models/table_01.fbx using Guid(9132b2a44c0e3684a92c1c63cc400b39) Importer(815301076,1909f56bfc062723c751e8b465ee728b)  -> (artifact id: 'e91a4d422372ffd30bf2bbe3b74b1921') in 0.020216 seconds
Number of updated asset objects reloaded before import = 0
Number of asset objects unloaded after import = 8
========================================================================
Received Import Request.
  Time since last request: 0.000037 seconds.
  path: Assets/Low-Poly Medieval Market/Models/swordfish.fbx
  artifactKey: Guid(216af29fb8329d948aacd9ef677bee72) Importer(815301076,1909f56bfc062723c751e8b465ee728b)
Start importing Assets/Low-Poly Medieval Market/Models/swordfish.fbx using Guid(216af29fb8329d948aacd9ef677bee72) Importer(815301076,1909f56bfc062723c751e8b465ee728b)  -> (artifact id: '886c2bfb915940719a834a75f0bea912') in 0.015889 seconds
Number of updated asset objects reloaded before import = 0
Number of asset objects unloaded after import = 8
========================================================================
Received Import Request.
  Time since last request: 0.000023 seconds.
  path: Assets/Low-Poly Medieval Market/Models/small_meat.fbx
  artifactKey: Guid(9af4d627b9eb31741bc76d7bde048ac9) Importer(815301076,1909f56bfc062723c751e8b465ee728b)
Start importing Assets/Low-Poly Medieval Market/Models/small_meat.fbx using Guid(9af4d627b9eb31741bc76d7bde048ac9) Importer(815301076,1909f56bfc062723c751e8b465ee728b)  -> (artifact id: 'ae91e41528cafb9b38d85b799aa0eb4c') in 0.014773 seconds
Number of updated asset objects reloaded before import = 0
Number of asset objects unloaded after import = 8
========================================================================
Received Import Request.
  Time since last request: 0.000071 seconds.
  path: Assets/Low-Poly Medieval Market/Prefabs/Weapons/short_sword.prefab
  artifactKey: Guid(999f1c6fc24d87c459f66a5e2b19e6fb) Importer(815301076,1909f56bfc062723c751e8b465ee728b)
Start importing Assets/Low-Poly Medieval Market/Prefabs/Weapons/short_sword.prefab using Guid(999f1c6fc24d87c459f66a5e2b19e6fb) Importer(815301076,1909f56bfc062723c751e8b465ee728b)  -> (artifact id: '42d014001cf7cd2cda33f53f29be37f6') in 0.035432 seconds
Number of updated asset objects reloaded before import = 0
Number of asset objects unloaded after import = 10
========================================================================
Received Import Request.
  Time since last request: 0.292754 seconds.
  path: Assets/Low-Poly Medieval Market/Models/table_02.fbx
  artifactKey: Guid(4b5b6ea53349d4c4bb5850ba8d38beed) Importer(815301076,1909f56bfc062723c751e8b465ee728b)
Start importing Assets/Low-Poly Medieval Market/Models/table_02.fbx using Guid(4b5b6ea53349d4c4bb5850ba8d38beed) Importer(815301076,1909f56bfc062723c751e8b465ee728b)  -> (artifact id: 'ddc4e159be7739a8cd14b67c2f6704a7') in 0.024587 seconds
Number of updated asset objects reloaded before import = 0
Number of asset objects unloaded after import = 8
========================================================================
Received Import Request.
  Time since last request: 0.018534 seconds.
  path: Assets/Low-Poly Medieval Market/Prefabs/Environment/trailway_01.prefab
  artifactKey: Guid(1a0dd05a0e8804b49bdb5e15a41afb8f) Importer(815301076,1909f56bfc062723c751e8b465ee728b)
Start importing Assets/Low-Poly Medieval Market/Prefabs/Environment/trailway_01.prefab using Guid(1a0dd05a0e8804b49bdb5e15a41afb8f) Importer(815301076,1909f56bfc062723c751e8b465ee728b)  -> (artifact id: 'b78c3fcd07e6fb492c28aa7f9d66df98') in 0.022717 seconds
Number of updated asset objects reloaded before import = 0
Number of asset objects unloaded after import = 10
========================================================================
Received Import Request.
  Time since last request: 0.000036 seconds.
  path: Assets/Low-Poly Medieval Market/Prefabs/Environment/tree_02.prefab
  artifactKey: Guid(ea1d9040b339d034abaa12dd47062386) Importer(815301076,1909f56bfc062723c751e8b465ee728b)
Start importing Assets/Low-Poly Medieval Market/Prefabs/Environment/tree_02.prefab using Guid(ea1d9040b339d034abaa12dd47062386) Importer(815301076,1909f56bfc062723c751e8b465ee728b)  -> (artifact id: '1c1c230393561b30496135bfd3e22240') in 0.013611 seconds
Number of updated asset objects reloaded before import = 0
Number of asset objects unloaded after import = 10
========================================================================
Received Import Request.
  Time since last request: 0.000020 seconds.
  path: Assets/Low-Poly Medieval Market/Prefabs/Environment/trailway_03.prefab
  artifactKey: Guid(10348d885afc4924e9daa5d07655d02e) Importer(815301076,1909f56bfc062723c751e8b465ee728b)
Start importing Assets/Low-Poly Medieval Market/Prefabs/Environment/trailway_03.prefab using Guid(10348d885afc4924e9daa5d07655d02e) Importer(815301076,1909f56bfc062723c751e8b465ee728b)  -> (artifact id: 'c54b148410dcd2f13187e9f145e3213f') in 0.014907 seconds
Number of updated asset objects reloaded before import = 0
Number of asset objects unloaded after import = 10
========================================================================
Received Import Request.
  Time since last request: 0.277283 seconds.
  path: Assets/Low-Poly Medieval Market/Prefabs/Weapons/two_handed_axe.prefab
  artifactKey: Guid(05b7ed5f67e74a640a9c53e965cd9d12) Importer(815301076,1909f56bfc062723c751e8b465ee728b)
Start importing Assets/Low-Poly Medieval Market/Prefabs/Weapons/two_handed_axe.prefab using Guid(05b7ed5f67e74a640a9c53e965cd9d12) Importer(815301076,1909f56bfc062723c751e8b465ee728b)  -> (artifact id: 'de2297ddb08e39f5d25488c487ba5e79') in 0.084176 seconds
Number of updated asset objects reloaded before import = 0
Number of asset objects unloaded after import = 10
========================================================================
Received Import Request.
  Time since last request: 0.000024 seconds.
  path: Assets/Low-Poly Medieval Market/Models/watermelon.fbx
  artifactKey: Guid(b0873d9f04f71674e807916cdf3c359a) Importer(815301076,1909f56bfc062723c751e8b465ee728b)
Start importing Assets/Low-Poly Medieval Market/Models/watermelon.fbx using Guid(b0873d9f04f71674e807916cdf3c359a) Importer(815301076,1909f56bfc062723c751e8b465ee728b)  -> (artifact id: 'a99539c3e27b7c8ba89923eb51ebbe36') in 0.019919 seconds
Number of updated asset objects reloaded before import = 0
Number of asset objects unloaded after import = 8
========================================================================
Received Import Request.
  Time since last request: 0.287241 seconds.
  path: Assets/Low-Poly Medieval Market/Models/wooden_bowl_01.fbx
  artifactKey: Guid(ef23afffcf505bc43a7557309717c1f8) Importer(815301076,1909f56bfc062723c751e8b465ee728b)
Start importing Assets/Low-Poly Medieval Market/Models/wooden_bowl_01.fbx using Guid(ef23afffcf505bc43a7557309717c1f8) Importer(815301076,1909f56bfc062723c751e8b465ee728b)  -> (artifact id: '84e52b9b7a0a66b96d67338d296e52ef') in 0.018348 seconds
Number of updated asset objects reloaded before import = 0
Number of asset objects unloaded after import = 8
========================================================================
Received Prepare
Begin MonoManager ReloadAssembly
- Loaded All Assemblies, in  0.891 seconds
Refreshing native plugins compatible for Editor in 1.88 ms, found 3 plugins.
Native extension for WindowsStandalone target not found
Native extension for WebGL target not found
[Package Manager] Server::EnsureServerProcessIsRunning -- launch failed, reason: Unity was launched with the -noUpm command-line argument
[Package Manager] UpmClient::Send -- Unable to send message (not connected to UPM process).
[Package Manager] Cannot connect to Unity Package Manager local server
Mono: successfully reloaded assembly
- Finished resetting the current domain, in  0.940 seconds
Domain Reload Profiling: 1830ms
	BeginReloadAssembly (610ms)
		ExecutionOrderSort (0ms)
		DisableScriptedObjects (29ms)
		BackupInstance (0ms)
		ReleaseScriptingObjects (0ms)
		CreateAndSetChildDomain (214ms)
	RebuildCommonClasses (33ms)
	RebuildNativeTypeToScriptingClass (13ms)
	initialDomainReloadingComplete (28ms)
	LoadAllAssembliesAndSetupDomain (205ms)
		LoadAssemblies (262ms)
		RebuildTransferFunctionScriptingTraits (0ms)
		AnalyzeDomain (38ms)
			TypeCache.Refresh (10ms)
				TypeCache.ScanAssembly (0ms)
			ScanForSourceGeneratedMonoScriptInfo (19ms)
			ResolveRequiredComponents (9ms)
	FinalizeReload (941ms)
		ReleaseScriptCaches (0ms)
		RebuildScriptCaches (0ms)
		SetupLoadedEditorAssemblies (468ms)
			LogAssemblyErrors (0ms)
			InitializePlatformSupportModulesInManaged (7ms)
			SetLoadedEditorAssemblies (4ms)
			RefreshPlugins (0ms)
			BeforeProcessingInitializeOnLoad (70ms)
			ProcessInitializeOnLoadAttributes (324ms)
			ProcessInitializeOnLoadMethodAttributes (59ms)
			AfterProcessingInitializeOnLoad (4ms)
			EditorAssembliesLoaded (0ms)
		ExecutionOrderSort2 (0ms)
		AwakeInstancesAfterBackupRestoration (19ms)
Refreshing native plugins compatible for Editor in 1.67 ms, found 3 plugins.
Preloading 0 native plugins for Editor in 0.00 ms.
Unloading 4786 Unused Serialized files (Serialized files now loaded: 0)
Unloading 47 unused Assets / (15.8 MB). Loaded Objects now: 5479.
Memory consumption went from 203.2 MB to 187.4 MB.
Total: 3.879200 ms (FindLiveObjects: 0.377100 ms CreateObjectMapping: 0.204500 ms MarkObjects: 2.133500 ms  DeleteObjects: 1.163300 ms)

Prepare: number of updated asset objects reloaded= 0
AssetImportParameters requested are different than current active one (requested -> active):
  custom:container-demuxer-ogg: 62fdf1f143b41e24485cea50d1cbac27 -> 
  custom:video-decoder-ogg-theora: a1e56fd34408186e4bbccfd4996cb3dc -> 
  custom:framework-win-MediaFoundation: 216162199b28c13a410421893ffa2e32 -> 
  custom:CustomObjectIndexerAttribute: 4d1d7186bcbbfe361de5f0ad951e585c -> 
  custom:container-demuxer-webm: 4f35f7cbe854078d1ac9338744f61a02 -> 
  custom:container-muxer-webm: aa71ff27fc2769a1b78a27578f13a17b -> 
  custom:video-decoder-webm-vp8: 9c59270c3fd7afecdb556c50c9e8de78 -> 
  custom:SearchIndexIgnoredProperties: e643bd26f0fe6173181afceb89e7c659 -> 
  custom:AudioImporter_EditorPlatform: d09bf68614088b80899f8185d706f6e7 -> 
  custom:video-encoder-webm-vp8: eb34c28f22e8b96e1ab97ce403110664 -> 
  custom:audio-decoder-ogg-vorbis: bf7c407c2cedff20999df2af8eb42d56 -> 
  custom:audio-encoder-webm-vorbis: bf7c407c2cedff20999df2af8eb42d56 -> 
========================================================================
Received Import Request.
  Time since last request: 224.227516 seconds.
  path: Assets/Polytope Studio/Lowpoly_Environments/SRP
  artifactKey: Guid(e0fa6cb2ccba11b449296d115143bfe6) Importer(815301076,1909f56bfc062723c751e8b465ee728b)
Start importing Assets/Polytope Studio/Lowpoly_Environments/SRP using Guid(e0fa6cb2ccba11b449296d115143bfe6) Importer(815301076,1909f56bfc062723c751e8b465ee728b)  -> (artifact id: 'c8e666265092f37644fed2583769ad90') in 0.006593 seconds
Number of updated asset objects reloaded before import = 0
Number of asset objects unloaded after import = 0
========================================================================
Received Import Request.
  Time since last request: 0.895550 seconds.
  path: Assets/Polytope Studio/Lowpoly_Environments/SRP/PT_Nature_Free_URP_12.1.13.unitypackage
  artifactKey: Guid(fae09cfceda875146a4f9a54fa30589e) Importer(815301076,1909f56bfc062723c751e8b465ee728b)
Start importing Assets/Polytope Studio/Lowpoly_Environments/SRP/PT_Nature_Free_URP_12.1.13.unitypackage using Guid(fae09cfceda875146a4f9a54fa30589e) Importer(815301076,1909f56bfc062723c751e8b465ee728b)  -> (artifact id: '91469035a04f84884e9ae8a63675255f') in 0.008555 seconds
Number of updated asset objects reloaded before import = 0
Number of asset objects unloaded after import = 1
========================================================================
Received Import Request.
  Time since last request: 1.239516 seconds.
  path: Assets/Polytope Studio/Lowpoly_Environments/SRP/PT_Nature_Free_URP_14.0.9.unitypackage
  artifactKey: Guid(bd960d1781917284bb89077cf66b65fe) Importer(815301076,1909f56bfc062723c751e8b465ee728b)
Start importing Assets/Polytope Studio/Lowpoly_Environments/SRP/PT_Nature_Free_URP_14.0.9.unitypackage using Guid(bd960d1781917284bb89077cf66b65fe) Importer(815301076,1909f56bfc062723c751e8b465ee728b)  -> (artifact id: '0a3812d47247e86d5cfe6b6557e056c4') in 0.000961 seconds
Number of updated asset objects reloaded before import = 0
Number of asset objects unloaded after import = 1
========================================================================
Received Import Request.
  Time since last request: 1.801232 seconds.
  path: Assets/Polytope Studio/Lowpoly_Environments/SRP/PT_Nature_Free_URP_16.0.5.unitypackage
  artifactKey: Guid(b2b57b8ebc2bca44eacd6d991d27ea97) Importer(815301076,1909f56bfc062723c751e8b465ee728b)
Start importing Assets/Polytope Studio/Lowpoly_Environments/SRP/PT_Nature_Free_URP_16.0.5.unitypackage using Guid(b2b57b8ebc2bca44eacd6d991d27ea97) Importer(815301076,1909f56bfc062723c751e8b465ee728b)  -> (artifact id: '40b1959f180e2b94ace6d6ca155107de') in 0.000878 seconds
Number of updated asset objects reloaded before import = 0
Number of asset objects unloaded after import = 1
========================================================================
Received Import Request.
  Time since last request: 12.298754 seconds.
  path: Assets/Polytope Studio/Lowpoly_Environments/Sources/Textures/PT_Fruit_Tree_Flowers_01.png
  artifactKey: Guid(724a83e90c1cd7b4b9d1b71dd08962b6) Importer(815301076,1909f56bfc062723c751e8b465ee728b)
Start importing Assets/Polytope Studio/Lowpoly_Environments/Sources/Textures/PT_Fruit_Tree_Flowers_01.png using Guid(724a83e90c1cd7b4b9d1b71dd08962b6) Importer(815301076,1909f56bfc062723c751e8b465ee728b)  -> (artifact id: '26641eee1f5aab967958de0f9aa2228c') in 0.044629 seconds
Number of updated asset objects reloaded before import = 0
Number of asset objects unloaded after import = 2
========================================================================
Received Import Request.
  Time since last request: 0.000025 seconds.
  path: Assets/Polytope Studio/Lowpoly_Demos/Environment_Free/Helpers/Terrain/TerrainData_d3c37e8d-6092-48f4-b81e-93b97326e4d2.asset
  artifactKey: Guid(dbe8ee5abb1344a4e8a8b80348f13db8) Importer(815301076,1909f56bfc062723c751e8b465ee728b)
Start importing Assets/Polytope Studio/Lowpoly_Demos/Environment_Free/Helpers/Terrain/TerrainData_d3c37e8d-6092-48f4-b81e-93b97326e4d2.asset using Guid(dbe8ee5abb1344a4e8a8b80348f13db8) Importer(815301076,1909f56bfc062723c751e8b465ee728b)  -> (artifact id: '5a301a853b2a538a6a8b674769c18445') in 0.027238 seconds
Number of updated asset objects reloaded before import = 0
Number of asset objects unloaded after import = 26
========================================================================
Received Import Request.
  Time since last request: 0.000030 seconds.
  path: Assets/Polytope Studio/Lowpoly_Environments/Sources/Textures/PT_Water_NM_01.png
  artifactKey: Guid(a78adb8868cccbe4a92d9d81db916e6e) Importer(815301076,1909f56bfc062723c751e8b465ee728b)
Start importing Assets/Polytope Studio/Lowpoly_Environments/Sources/Textures/PT_Water_NM_01.png using Guid(a78adb8868cccbe4a92d9d81db916e6e) Importer(815301076,1909f56bfc062723c751e8b465ee728b)  -> (artifact id: '0b582976309353c3f7512d18498c0d78') in 0.024568 seconds
Number of updated asset objects reloaded before import = 0
Number of asset objects unloaded after import = 2
========================================================================
Received Import Request.
  Time since last request: 0.000022 seconds.
  path: Assets/Polytope Studio/Lowpoly_Environments/Sources/Textures/PT_Grass_High_02.png
  artifactKey: Guid(4781e48c31bdfb74da8ba377aea81283) Importer(815301076,1909f56bfc062723c751e8b465ee728b)
Start importing Assets/Polytope Studio/Lowpoly_Environments/Sources/Textures/PT_Grass_High_02.png using Guid(4781e48c31bdfb74da8ba377aea81283) Importer(815301076,1909f56bfc062723c751e8b465ee728b)  -> (artifact id: 'b03a99f812e69df9db5e11f815ac29e4') in 0.019371 seconds
Number of updated asset objects reloaded before import = 0
Number of asset objects unloaded after import = 2
========================================================================
Received Import Request.
  Time since last request: 0.000018 seconds.
  path: Assets/Polytope Studio/Lowpoly_Environments/Sources/Textures/PT_Ground_Grass_Green_01.png
  artifactKey: Guid(8c75ba30e5f76df4fb30725e4c9bf38a) Importer(815301076,1909f56bfc062723c751e8b465ee728b)
Start importing Assets/Polytope Studio/Lowpoly_Environments/Sources/Textures/PT_Ground_Grass_Green_01.png using Guid(8c75ba30e5f76df4fb30725e4c9bf38a) Importer(815301076,1909f56bfc062723c751e8b465ee728b)  -> (artifact id: 'f3356344aa0c471f95050124ea946e7c') in 0.021358 seconds
Number of updated asset objects reloaded before import = 0
Number of asset objects unloaded after import = 2
========================================================================
Received Import Request.
  Time since last request: 0.000019 seconds.
  path: Assets/Polytope Studio/Lowpoly_Village/Sources/Textures/PT_Medieval_Buildings_Texture_01.png
  artifactKey: Guid(34892be16c52f1948b4b5666052d6bf5) Importer(815301076,1909f56bfc062723c751e8b465ee728b)
Start importing Assets/Polytope Studio/Lowpoly_Village/Sources/Textures/PT_Medieval_Buildings_Texture_01.png using Guid(34892be16c52f1948b4b5666052d6bf5) Importer(815301076,1909f56bfc062723c751e8b465ee728b)  -> (artifact id: '5c54c057e9ba7de4accd1bce0e7b11fd') in 0.026964 seconds
Number of updated asset objects reloaded before import = 0
Number of asset objects unloaded after import = 2
========================================================================
Received Import Request.
  Time since last request: 0.000020 seconds.
  path: Assets/Polytope Studio/Lowpoly_Demos/Environment_Free/Helpers/Terrain/TerrainData_88efe361-6f68-4188-bcd0-e9554ca440b9.asset
  artifactKey: Guid(f2e008cefb3ff674e8c681a3f961fb80) Importer(815301076,1909f56bfc062723c751e8b465ee728b)
Start importing Assets/Polytope Studio/Lowpoly_Demos/Environment_Free/Helpers/Terrain/TerrainData_88efe361-6f68-4188-bcd0-e9554ca440b9.asset using Guid(f2e008cefb3ff674e8c681a3f961fb80) Importer(815301076,1909f56bfc062723c751e8b465ee728b)  -> (artifact id: '72db2b482847dfc57cdeee0c2b7558db') in 0.020671 seconds
Number of updated asset objects reloaded before import = 0
Number of asset objects unloaded after import = 26
========================================================================
Received Import Request.
  Time since last request: 0.000019 seconds.
  path: Assets/Polytope Studio/Lowpoly_Environments/Sources/Textures/PT_Generic_Leaves_01.png
  artifactKey: Guid(55a083d549e055045948e2083099df16) Importer(815301076,1909f56bfc062723c751e8b465ee728b)
Start importing Assets/Polytope Studio/Lowpoly_Environments/Sources/Textures/PT_Generic_Leaves_01.png using Guid(55a083d549e055045948e2083099df16) Importer(815301076,1909f56bfc062723c751e8b465ee728b)  -> (artifact id: '0207634eb4e5e6af79f857b3970a0dfd') in 0.021619 seconds
Number of updated asset objects reloaded before import = 0
Number of asset objects unloaded after import = 2
========================================================================
Received Import Request.
  Time since last request: 0.000029 seconds.
  path: Assets/Polytope Studio/Lowpoly_Village/Sources/Textures/PT_Medieval_Buildings_Texture_01mask2.png
  artifactKey: Guid(da4b5e2c1255f2e40bad4bd005f99f2c) Importer(815301076,1909f56bfc062723c751e8b465ee728b)
Start importing Assets/Polytope Studio/Lowpoly_Village/Sources/Textures/PT_Medieval_Buildings_Texture_01mask2.png using Guid(da4b5e2c1255f2e40bad4bd005f99f2c) Importer(815301076,1909f56bfc062723c751e8b465ee728b)  -> (artifact id: '0871eee4d97760b12e28379ef2a07c70') in 0.013931 seconds
Number of updated asset objects reloaded before import = 0
Number of asset objects unloaded after import = 2
========================================================================
Received Import Request.
  Time since last request: 0.000017 seconds.
  path: Assets/Polytope Studio/Lowpoly_Environments/Sources/Textures/PT_Grass_High_03.png
  artifactKey: Guid(4d7ad2aaddf58dc4e8dc116239a8d744) Importer(815301076,1909f56bfc062723c751e8b465ee728b)
Start importing Assets/Polytope Studio/Lowpoly_Environments/Sources/Textures/PT_Grass_High_03.png using Guid(4d7ad2aaddf58dc4e8dc116239a8d744) Importer(815301076,1909f56bfc062723c751e8b465ee728b)  -> (artifact id: '603e6375795b282a51ae28936d9e7b92') in 0.016501 seconds
Number of updated asset objects reloaded before import = 0
Number of asset objects unloaded after import = 2
========================================================================
Received Import Request.
  Time since last request: 0.000025 seconds.
  path: Assets/Polytope Studio/Lowpoly_Environments/Sources/Textures/PT_Pine_Tree_01.png
  artifactKey: Guid(47c82777887e3fc46bc141849b1b3ccb) Importer(815301076,1909f56bfc062723c751e8b465ee728b)
Start importing Assets/Polytope Studio/Lowpoly_Environments/Sources/Textures/PT_Pine_Tree_01.png using Guid(47c82777887e3fc46bc141849b1b3ccb) Importer(815301076,1909f56bfc062723c751e8b465ee728b)  -> (artifact id: '30041f2f399b745e744b181156596cfa') in 0.020205 seconds
Number of updated asset objects reloaded before import = 0
Number of asset objects unloaded after import = 2
========================================================================
Received Import Request.
  Time since last request: 0.000032 seconds.
  path: Assets/Polytope Studio/Lowpoly_Demos/Environment_Free/Helpers/Terrain/TerrainData_6dc76592-a48a-4163-91df-c29ec1a99c66.asset
  artifactKey: Guid(c40d5572f8d7d6843bd8d20c21f1c0be) Importer(815301076,1909f56bfc062723c751e8b465ee728b)
Start importing Assets/Polytope Studio/Lowpoly_Demos/Environment_Free/Helpers/Terrain/TerrainData_6dc76592-a48a-4163-91df-c29ec1a99c66.asset using Guid(c40d5572f8d7d6843bd8d20c21f1c0be) Importer(815301076,1909f56bfc062723c751e8b465ee728b)  -> (artifact id: '0d9707f54e3e7b089da379cf3fc5e540') in 0.018296 seconds
Number of updated asset objects reloaded before import = 0
Number of asset objects unloaded after import = 26
========================================================================
Received Import Request.
  Time since last request: 0.000041 seconds.
  path: Assets/Polytope Studio/Lowpoly_Environments/Sources/Textures/PT_Rocks_01.png
  artifactKey: Guid(a195a893970f3ab4990bd06e18a0b308) Importer(815301076,1909f56bfc062723c751e8b465ee728b)
Start importing Assets/Polytope Studio/Lowpoly_Environments/Sources/Textures/PT_Rocks_01.png using Guid(a195a893970f3ab4990bd06e18a0b308) Importer(815301076,1909f56bfc062723c751e8b465ee728b)  -> (artifact id: '5dd0df59b16f6cfa2b0a0d8c784c0e86') in 0.017331 seconds
Number of updated asset objects reloaded before import = 0
Number of asset objects unloaded after import = 2
========================================================================
Received Import Request.
  Time since last request: 0.000017 seconds.
  path: Assets/Polytope Studio/Lowpoly_Demos/Environment_Free/Helpers/Terrain/TerrainData_832163fb-b19c-4118-97c2-cf0a3b224fca.asset
  artifactKey: Guid(b273ce15435a60644bcd2c174476a708) Importer(815301076,1909f56bfc062723c751e8b465ee728b)
Start importing Assets/Polytope Studio/Lowpoly_Demos/Environment_Free/Helpers/Terrain/TerrainData_832163fb-b19c-4118-97c2-cf0a3b224fca.asset using Guid(b273ce15435a60644bcd2c174476a708) Importer(815301076,1909f56bfc062723c751e8b465ee728b)  -> (artifact id: '159ee0d9286f9dd0a5fc23cbdfec55cf') in 0.015719 seconds
Number of updated asset objects reloaded before import = 0
Number of asset objects unloaded after import = 26
========================================================================
Received Import Request.
  Time since last request: 0.000019 seconds.
  path: Assets/Polytope Studio/Lowpoly_Environments/Sources/Textures/PT_Grass_High_01.png
  artifactKey: Guid(b458cb1c79cb9894196830046f2621fa) Importer(815301076,1909f56bfc062723c751e8b465ee728b)
Start importing Assets/Polytope Studio/Lowpoly_Environments/Sources/Textures/PT_Grass_High_01.png using Guid(b458cb1c79cb9894196830046f2621fa) Importer(815301076,1909f56bfc062723c751e8b465ee728b)  -> (artifact id: 'a7febc4cfa20f53741a4b95e59177f6e') in 0.015519 seconds
Number of updated asset objects reloaded before import = 0
Number of asset objects unloaded after import = 2
========================================================================
Received Import Request.
  Time since last request: 0.000015 seconds.
  path: Assets/Polytope Studio/Lowpoly_Demos/Environment_Free/Helpers/Terrain/TerrainData_c82c1fc5-a7ad-4f88-a7ff-c071a4dae8e5.asset
  artifactKey: Guid(d9f3564d21751d046890366f3fc55400) Importer(815301076,1909f56bfc062723c751e8b465ee728b)
Start importing Assets/Polytope Studio/Lowpoly_Demos/Environment_Free/Helpers/Terrain/TerrainData_c82c1fc5-a7ad-4f88-a7ff-c071a4dae8e5.asset using Guid(d9f3564d21751d046890366f3fc55400) Importer(815301076,1909f56bfc062723c751e8b465ee728b)  -> (artifact id: 'fe38b6b48ed3ad91919ce8f62f6734a4') in 0.025933 seconds
Number of updated asset objects reloaded before import = 0
Number of asset objects unloaded after import = 26
========================================================================
Received Import Request.
  Time since last request: 0.000034 seconds.
  path: Assets/Polytope Studio/Lowpoly_Village/Sources/Textures/PT_Medieval_Buildings_Texture_Mask_01.png
  artifactKey: Guid(c91055552562c3941a1c318e8d5bc5c5) Importer(815301076,1909f56bfc062723c751e8b465ee728b)
Start importing Assets/Polytope Studio/Lowpoly_Village/Sources/Textures/PT_Medieval_Buildings_Texture_Mask_01.png using Guid(c91055552562c3941a1c318e8d5bc5c5) Importer(815301076,1909f56bfc062723c751e8b465ee728b)  -> (artifact id: 'b1a8443449491892171678167573c111') in 0.015365 seconds
Number of updated asset objects reloaded before import = 0
Number of asset objects unloaded after import = 2
========================================================================
Received Import Request.
  Time since last request: 0.000031 seconds.
  path: Assets/Polytope Studio/Lowpoly_Demos/Environment_Free/Helpers/Terrain/TerrainData_ff4b5190-b520-4d46-b960-ee1d0967df26.asset
  artifactKey: Guid(3349f3f4495a62f40895e095545b535e) Importer(815301076,1909f56bfc062723c751e8b465ee728b)
Start importing Assets/Polytope Studio/Lowpoly_Demos/Environment_Free/Helpers/Terrain/TerrainData_ff4b5190-b520-4d46-b960-ee1d0967df26.asset using Guid(3349f3f4495a62f40895e095545b535e) Importer(815301076,1909f56bfc062723c751e8b465ee728b)  -> (artifact id: '8151aaa58d09f8caff9b8659faf7f961') in 0.023845 seconds
Number of updated asset objects reloaded before import = 0
Number of asset objects unloaded after import = 26
========================================================================
Received Import Request.
  Time since last request: 0.000029 seconds.
  path: Assets/Polytope Studio/Lowpoly_Demos/Environment_Free/Helpers/PT_texture_W_Alpha.tga
  artifactKey: Guid(2ecc9db50bbb86541a9808dc9d75eb02) Importer(815301076,1909f56bfc062723c751e8b465ee728b)
Start importing Assets/Polytope Studio/Lowpoly_Demos/Environment_Free/Helpers/PT_texture_W_Alpha.tga using Guid(2ecc9db50bbb86541a9808dc9d75eb02) Importer(815301076,1909f56bfc062723c751e8b465ee728b)  -> (artifact id: '0521e2b825c4c07d739a2debab2a18ff') in 0.017764 seconds
Number of updated asset objects reloaded before import = 0
Number of asset objects unloaded after import = 2
========================================================================
Received Import Request.
  Time since last request: 0.000019 seconds.
  path: Assets/Polytope Studio/Lowpoly_Environments/Sources/Textures/PT_Tree_Trunk_01.png
  artifactKey: Guid(5733ec0c27e7c9d41a230d27ca7b85d4) Importer(815301076,1909f56bfc062723c751e8b465ee728b)
Start importing Assets/Polytope Studio/Lowpoly_Environments/Sources/Textures/PT_Tree_Trunk_01.png using Guid(5733ec0c27e7c9d41a230d27ca7b85d4) Importer(815301076,1909f56bfc062723c751e8b465ee728b)  -> (artifact id: 'd94dde994dd4e166d9d426b9cf65b59f') in 0.022094 seconds
Number of updated asset objects reloaded before import = 0
Number of asset objects unloaded after import = 2
========================================================================
Received Import Request.
  Time since last request: 0.000061 seconds.
  path: Assets/Polytope Studio/Lowpoly_Demos/Environment_Free/Helpers/Terrain/TerrainData_445999c2-5240-4b5c-9394-4cacb62d7eec.asset
  artifactKey: Guid(1587ce82db2499e4185b7701bf0d532b) Importer(815301076,1909f56bfc062723c751e8b465ee728b)
Start importing Assets/Polytope Studio/Lowpoly_Demos/Environment_Free/Helpers/Terrain/TerrainData_445999c2-5240-4b5c-9394-4cacb62d7eec.asset using Guid(1587ce82db2499e4185b7701bf0d532b) Importer(815301076,1909f56bfc062723c751e8b465ee728b)  -> (artifact id: '2810fcd8443e9aad59fffd2bcc5ec5fe') in 0.021628 seconds
Number of updated asset objects reloaded before import = 0
Number of asset objects unloaded after import = 26
========================================================================
Received Import Request.
  Time since last request: 0.000016 seconds.
  path: Assets/Polytope Studio/Lowpoly_Environments/Sources/Textures/PT_Grass_03.png
  artifactKey: Guid(44ec7a3e14f0b854d8926cad83222db5) Importer(815301076,1909f56bfc062723c751e8b465ee728b)
Start importing Assets/Polytope Studio/Lowpoly_Environments/Sources/Textures/PT_Grass_03.png using Guid(44ec7a3e14f0b854d8926cad83222db5) Importer(815301076,1909f56bfc062723c751e8b465ee728b)  -> (artifact id: 'afe13a6f74c72058d12e0522d235b8ea') in 0.016695 seconds
Number of updated asset objects reloaded before import = 0
Number of asset objects unloaded after import = 2
========================================================================
Received Import Request.
  Time since last request: 0.000016 seconds.
  path: Assets/Polytope Studio/Lowpoly_Environments/Sources/Textures/PT_Poppy_01.png
  artifactKey: Guid(e0eab39b8993b684dbb9800cf1151d33) Importer(815301076,1909f56bfc062723c751e8b465ee728b)
Start importing Assets/Polytope Studio/Lowpoly_Environments/Sources/Textures/PT_Poppy_01.png using Guid(e0eab39b8993b684dbb9800cf1151d33) Importer(815301076,1909f56bfc062723c751e8b465ee728b)  -> (artifact id: '91e528abfca1adf98ea16b6492c64043') in 0.018437 seconds
Number of updated asset objects reloaded before import = 0
Number of asset objects unloaded after import = 2
========================================================================
Received Import Request.
  Time since last request: 0.000025 seconds.
  path: Assets/Polytope Studio/Lowpoly_Village/Sources/Textures/PT_texture.tga
  artifactKey: Guid(16357eda3fc18dd459a8218b92769643) Importer(815301076,1909f56bfc062723c751e8b465ee728b)
Start importing Assets/Polytope Studio/Lowpoly_Village/Sources/Textures/PT_texture.tga using Guid(16357eda3fc18dd459a8218b92769643) Importer(815301076,1909f56bfc062723c751e8b465ee728b)  -> (artifact id: 'e646f4b35e40030e7a06f07d13cb97d8') in 0.008183 seconds
Number of updated asset objects reloaded before import = 0
Number of asset objects unloaded after import = 2
========================================================================
Received Import Request.
  Time since last request: 0.000016 seconds.
  path: Assets/Polytope Studio/Lowpoly_Environments/Sources/Textures/PT_Grass_01.png
  artifactKey: Guid(1b92b31acbcdce24ba9dc6d01dbc2e84) Importer(815301076,1909f56bfc062723c751e8b465ee728b)
Start importing Assets/Polytope Studio/Lowpoly_Environments/Sources/Textures/PT_Grass_01.png using Guid(1b92b31acbcdce24ba9dc6d01dbc2e84) Importer(815301076,1909f56bfc062723c751e8b465ee728b)  -> (artifact id: '7102e504f9e0b5caa91b98e2a1089a82') in 0.015420 seconds
Number of updated asset objects reloaded before import = 0
Number of asset objects unloaded after import = 2
========================================================================
Received Import Request.
  Time since last request: 1.704684 seconds.
  path: Assets/Polytope Studio/Lowpoly_Demos/Environment_Free/Helpers/Ground_Layer_01.terrainlayer
  artifactKey: Guid(52ac57c2c14c60b4d88913beb57dce00) Importer(815301076,1909f56bfc062723c751e8b465ee728b)
Start importing Assets/Polytope Studio/Lowpoly_Demos/Environment_Free/Helpers/Ground_Layer_01.terrainlayer using Guid(52ac57c2c14c60b4d88913beb57dce00) Importer(815301076,1909f56bfc062723c751e8b465ee728b)  -> (artifact id: 'b5d3ab26cf19cb94735250bd7d891535') in 0.026128 seconds
Number of updated asset objects reloaded before import = 0
Number of asset objects unloaded after import = 2
========================================================================
Received Import Request.
  Time since last request: 218.298145 seconds.
  path: Assets/Polytope Studio/Lowpoly_Demos/Environment_Free/Helpers/FENCE.prefab
  artifactKey: Guid(f16f39bd1be9d4140ad0cd32366b3c89) Importer(815301076,1909f56bfc062723c751e8b465ee728b)
Start importing Assets/Polytope Studio/Lowpoly_Demos/Environment_Free/Helpers/FENCE.prefab using Guid(f16f39bd1be9d4140ad0cd32366b3c89) Importer(815301076,1909f56bfc062723c751e8b465ee728b)  -> (artifact id: '931c2ac5c7274e93979a95c203233821') in 0.010861 seconds
Number of updated asset objects reloaded before import = 0
Number of asset objects unloaded after import = 214
========================================================================
Received Import Request.
  Time since last request: 51.678829 seconds.
  path: Assets/Polytope Studio/Lowpoly_Environments/Sources/Meshes/Mushrooms/PT_Caesars_Mushroom_01.fbx
  artifactKey: Guid(2ec966d90911a454c9760fa28789a4f8) Importer(815301076,1909f56bfc062723c751e8b465ee728b)
Start importing Assets/Polytope Studio/Lowpoly_Environments/Sources/Meshes/Mushrooms/PT_Caesars_Mushroom_01.fbx using Guid(2ec966d90911a454c9760fa28789a4f8) Importer(815301076,1909f56bfc062723c751e8b465ee728b)  -> (artifact id: '54d77c92bc3479c12a28776fddc14416') in 1.462488 seconds
Number of updated asset objects reloaded before import = 0
Number of asset objects unloaded after import = 30
========================================================================
Received Import Request.
  Time since last request: 0.000029 seconds.
  path: Assets/Polytope Studio/Lowpoly_Demos/Environment_Free/Helpers/PT_Medieval_Village_Fence_04 1.prefab
  artifactKey: Guid(492c45c35521e7b4286ae374b96aedde) Importer(815301076,1909f56bfc062723c751e8b465ee728b)
Start importing Assets/Polytope Studio/Lowpoly_Demos/Environment_Free/Helpers/PT_Medieval_Village_Fence_04 1.prefab using Guid(492c45c35521e7b4286ae374b96aedde) Importer(815301076,1909f56bfc062723c751e8b465ee728b)  -> (artifact id: '284e22a4071c92ac950990b1c9a5a3a9') in 0.003971 seconds
Number of updated asset objects reloaded before import = 0
Number of asset objects unloaded after import = 7
========================================================================
Received Import Request.
  Time since last request: 0.000036 seconds.
  path: Assets/Polytope Studio/Lowpoly_Environments/Prefabs/Rocks/PT_Generic_Rock_01.prefab
  artifactKey: Guid(58cd8dc8c2359174baa15aa31e302c8b) Importer(815301076,1909f56bfc062723c751e8b465ee728b)
Start importing Assets/Polytope Studio/Lowpoly_Environments/Prefabs/Rocks/PT_Generic_Rock_01.prefab using Guid(58cd8dc8c2359174baa15aa31e302c8b) Importer(815301076,1909f56bfc062723c751e8b465ee728b)  -> (artifact id: 'a294124feb0d3e89e814673c76de8e12') in 1.113356 seconds
Number of updated asset objects reloaded before import = 0
Number of asset objects unloaded after import = 25
========================================================================
Received Import Request.
  Time since last request: 0.000023 seconds.
  path: Assets/Polytope Studio/Lowpoly_Village/Prefabs/Modular/Fence/PT_Modular_Gate_Wood_01.prefab
  artifactKey: Guid(5db93e6325024c749aa2663b9998053d) Importer(815301076,1909f56bfc062723c751e8b465ee728b)
Start importing Assets/Polytope Studio/Lowpoly_Village/Prefabs/Modular/Fence/PT_Modular_Gate_Wood_01.prefab using Guid(5db93e6325024c749aa2663b9998053d) Importer(815301076,1909f56bfc062723c751e8b465ee728b)  -> (artifact id: 'f865cdb92027bb0cc12ef45c5509fa65') in 1.328386 seconds
Number of updated asset objects reloaded before import = 0
Number of asset objects unloaded after import = 27
========================================================================
Received Import Request.
  Time since last request: 0.000036 seconds.
  path: Assets/Polytope Studio/Lowpoly_Demos/Environment_Free/Helpers/PT_Fruit_Tree_01_green (1).prefab
  artifactKey: Guid(059eecd3f9d8f5148b36874da77673eb) Importer(815301076,1909f56bfc062723c751e8b465ee728b)
Start importing Assets/Polytope Studio/Lowpoly_Demos/Environment_Free/Helpers/PT_Fruit_Tree_01_green (1).prefab using Guid(059eecd3f9d8f5148b36874da77673eb) Importer(815301076,1909f56bfc062723c751e8b465ee728b)  -> (artifact id: '4d0686609c90393ba234b48874d93576') in 1.387357 seconds
Number of updated asset objects reloaded before import = 0
Number of asset objects unloaded after import = 27
========================================================================
Received Import Request.
  Time since last request: 0.000028 seconds.
  path: Assets/Polytope Studio/Lowpoly_Environments/Sources/Meshes/Trees/PT_Fruit_Tree_01_stump.fbx
  artifactKey: Guid(f42a2ed0c78e45643bba339ed33235d4) Importer(815301076,1909f56bfc062723c751e8b465ee728b)
Start importing Assets/Polytope Studio/Lowpoly_Environments/Sources/Meshes/Trees/PT_Fruit_Tree_01_stump.fbx using Guid(f42a2ed0c78e45643bba339ed33235d4) Importer(815301076,1909f56bfc062723c751e8b465ee728b)  -> (artifact id: '0d86c3251c8b6dda88e3421473304dc9') in 0.030966 seconds
Number of updated asset objects reloaded before import = 0
Number of asset objects unloaded after import = 11
========================================================================
Received Import Request.
  Time since last request: 0.000070 seconds.
  path: Assets/Polytope Studio/Lowpoly_Village/Sources/Meshes/Modular/Fence/PT_Modular_Gate_Wood_01.fbx
  artifactKey: Guid(be10e17a73c475f41849cedee3245fd3) Importer(815301076,1909f56bfc062723c751e8b465ee728b)
Start importing Assets/Polytope Studio/Lowpoly_Village/Sources/Meshes/Modular/Fence/PT_Modular_Gate_Wood_01.fbx using Guid(be10e17a73c475f41849cedee3245fd3) Importer(815301076,1909f56bfc062723c751e8b465ee728b)  -> (artifact id: '001f3edc1db2260975678e3e149032a1') in 0.050601 seconds
Number of updated asset objects reloaded before import = 0
Number of asset objects unloaded after import = 27
========================================================================
Received Import Request.
  Time since last request: 0.000029 seconds.
  path: Assets/Polytope Studio/Lowpoly_Environments/Sources/Meshes/Shrubs/PT_Generic_Shrub_01_green.fbx
  artifactKey: Guid(cc43ed905f6a9d24a86d3eb531265e85) Importer(815301076,1909f56bfc062723c751e8b465ee728b)
Start importing Assets/Polytope Studio/Lowpoly_Environments/Sources/Meshes/Shrubs/PT_Generic_Shrub_01_green.fbx using Guid(cc43ed905f6a9d24a86d3eb531265e85) Importer(815301076,1909f56bfc062723c751e8b465ee728b)  -> (artifact id: 'ebc5bc0c50caf94719714607929def1a') in 0.069152 seconds
Number of updated asset objects reloaded before import = 0
Number of asset objects unloaded after import = 27
========================================================================
Received Import Request.
  Time since last request: 0.000043 seconds.
  path: Assets/Polytope Studio/Lowpoly_Demos/Environment_Free/Helpers/PT_Medieval_Village_Fence_01 1.fbx
  artifactKey: Guid(bb9b2e893602d46409a85630c7954a03) Importer(815301076,1909f56bfc062723c751e8b465ee728b)
Start importing Assets/Polytope Studio/Lowpoly_Demos/Environment_Free/Helpers/PT_Medieval_Village_Fence_01 1.fbx using Guid(bb9b2e893602d46409a85630c7954a03) Importer(815301076,1909f56bfc062723c751e8b465ee728b)  -> (artifact id: '9fe9e1b20b5227a10534ca51995c1d24') in 0.048235 seconds
Number of updated asset objects reloaded before import = 0
Number of asset objects unloaded after import = 9
========================================================================
Received Import Request.
  Time since last request: 0.000040 seconds.
  path: Assets/Polytope Studio/Lowpoly_Demos/Environment_Free/Helpers/PT_Medieval_Village_Gate_01 1.fbx
  artifactKey: Guid(fe0e66efb90310c4b81063d19da129b3) Importer(815301076,1909f56bfc062723c751e8b465ee728b)
Start importing Assets/Polytope Studio/Lowpoly_Demos/Environment_Free/Helpers/PT_Medieval_Village_Gate_01 1.fbx using Guid(fe0e66efb90310c4b81063d19da129b3) Importer(815301076,1909f56bfc062723c751e8b465ee728b)  -> (artifact id: '4129ef1e81891b3db63774951e97e621') in 0.049981 seconds
Number of updated asset objects reloaded before import = 0
Number of asset objects unloaded after import = 25
========================================================================
Received Import Request.
  Time since last request: 0.000031 seconds.
  path: Assets/Polytope Studio/Lowpoly_Environments/Prefabs/Plants/PT_Grass_02.prefab
  artifactKey: Guid(6cdd667aa0034cd4dadc8d58a65fb098) Importer(815301076,1909f56bfc062723c751e8b465ee728b)
Start importing Assets/Polytope Studio/Lowpoly_Environments/Prefabs/Plants/PT_Grass_02.prefab using Guid(6cdd667aa0034cd4dadc8d58a65fb098) Importer(815301076,1909f56bfc062723c751e8b465ee728b)  -> (artifact id: '624b0f6e876cf35b2126ae0dbf46490e') in 1.380868 seconds
Number of updated asset objects reloaded before import = 0
Number of asset objects unloaded after import = 24
========================================================================
Received Import Request.
  Time since last request: 18.773250 seconds.
  path: Assets/Polytope Studio/Lowpoly_Environments/Prefabs/Rocks/PT_Ore_Rock_01_split.prefab
  artifactKey: Guid(4202bcf0261b7184381139880446dfd6) Importer(815301076,1909f56bfc062723c751e8b465ee728b)
Start importing Assets/Polytope Studio/Lowpoly_Environments/Prefabs/Rocks/PT_Ore_Rock_01_split.prefab using Guid(4202bcf0261b7184381139880446dfd6) Importer(815301076,1909f56bfc062723c751e8b465ee728b)  -> (artifact id: '4ff5b6fd920cde21e32870350f57b891') in 0.033383 seconds
Number of updated asset objects reloaded before import = 0
Number of asset objects unloaded after import = 25
========================================================================
Received Import Request.
  Time since last request: 0.000021 seconds.
  path: Assets/Polytope Studio/Lowpoly_Environments/Prefabs/Trees/PT_Pine_Tree_03_green.prefab
  artifactKey: Guid(d250af4848f51154f9a2bf6a85b60ac2) Importer(815301076,1909f56bfc062723c751e8b465ee728b)
Start importing Assets/Polytope Studio/Lowpoly_Environments/Prefabs/Trees/PT_Pine_Tree_03_green.prefab using Guid(d250af4848f51154f9a2bf6a85b60ac2) Importer(815301076,1909f56bfc062723c751e8b465ee728b)  -> (artifact id: '25f1dacb33471820ed229c8d9dd347aa') in 0.025725 seconds
Number of updated asset objects reloaded before import = 0
Number of asset objects unloaded after import = 27
========================================================================
Received Import Request.
  Time since last request: 0.000022 seconds.
  path: Assets/Polytope Studio/Lowpoly_Environments/Sources/Meshes/Trees/PT_Pine_Tree_03_green_cut.fbx
  artifactKey: Guid(2a5e649cde00dd847885c694eb77f1fb) Importer(815301076,1909f56bfc062723c751e8b465ee728b)
Start importing Assets/Polytope Studio/Lowpoly_Environments/Sources/Meshes/Trees/PT_Pine_Tree_03_green_cut.fbx using Guid(2a5e649cde00dd847885c694eb77f1fb) Importer(815301076,1909f56bfc062723c751e8b465ee728b)  -> (artifact id: '9ab10a48a39eff26255f567321f35aa8') in 0.033215 seconds
Number of updated asset objects reloaded before import = 0
Number of asset objects unloaded after import = 14
========================================================================
Received Import Request.
  Time since last request: 0.659648 seconds.
  path: Assets/Polytope Studio/Lowpoly_Environments/Prefabs/Trees/PT_Pine_Tree_03_stump.prefab
  artifactKey: Guid(c8b350551fbedc84c8025d7d29f3a018) Importer(815301076,1909f56bfc062723c751e8b465ee728b)
Start importing Assets/Polytope Studio/Lowpoly_Environments/Prefabs/Trees/PT_Pine_Tree_03_stump.prefab using Guid(c8b350551fbedc84c8025d7d29f3a018) Importer(815301076,1909f56bfc062723c751e8b465ee728b)  -> (artifact id: '421c285f0a22524e5094134867da4b2b') in 0.020300 seconds
Number of updated asset objects reloaded before import = 0
Number of asset objects unloaded after import = 11
========================================================================
Received Import Request.
  Time since last request: 0.000025 seconds.
  path: Assets/Polytope Studio/Lowpoly_Environments/Sources/Meshes/Rocks/PT_River_Rock_Pile_02.fbx
  artifactKey: Guid(e5e1b3c0d2be60b47981235187af0936) Importer(815301076,1909f56bfc062723c751e8b465ee728b)
Start importing Assets/Polytope Studio/Lowpoly_Environments/Sources/Meshes/Rocks/PT_River_Rock_Pile_02.fbx using Guid(e5e1b3c0d2be60b47981235187af0936) Importer(815301076,1909f56bfc062723c751e8b465ee728b)  -> (artifact id: '61e012ccb798268e55b9c04805ff4d4f') in 0.053290 seconds
Number of updated asset objects reloaded before import = 0
Number of asset objects unloaded after import = 25
========================================================================
Received Import Request.
  Time since last request: 0.000026 seconds.
  path: Assets/Polytope Studio/Lowpoly_Demos/Environment_Free/Helpers/PT_Wooden_Bridge_02 (1).prefab
  artifactKey: Guid(b1aad125634a32a43920ac986c185422) Importer(815301076,1909f56bfc062723c751e8b465ee728b)
Start importing Assets/Polytope Studio/Lowpoly_Demos/Environment_Free/Helpers/PT_Wooden_Bridge_02 (1).prefab using Guid(b1aad125634a32a43920ac986c185422) Importer(815301076,1909f56bfc062723c751e8b465ee728b)  -> (artifact id: '119f60b6acc0bd417087086bb91b7265') in 0.013596 seconds
Number of updated asset objects reloaded before import = 0
Number of asset objects unloaded after import = 20
========================================================================
Received Import Request.
  Time since last request: 64.650502 seconds.
  path: Assets/Settings/SampleSceneProfile.asset
  artifactKey: Guid(a6560a915ef98420e9faacc1c7438823) Importer(815301076,1909f56bfc062723c751e8b465ee728b)
Start importing Assets/Settings/SampleSceneProfile.asset using Guid(a6560a915ef98420e9faacc1c7438823) Importer(815301076,1909f56bfc062723c751e8b465ee728b)  -> (artifact id: '1b361753c69affde0771b0f5946dc5ff') in 0.006620 seconds
Number of updated asset objects reloaded before import = 0
Number of asset objects unloaded after import = 4
========================================================================
Received Import Request.
  Time since last request: 0.003522 seconds.
  path: Assets/Settings/URP-Balanced.asset
  artifactKey: Guid(e1260c1148f6143b28bae5ace5e9c5d1) Importer(815301076,1909f56bfc062723c751e8b465ee728b)
Start importing Assets/Settings/URP-Balanced.asset using Guid(e1260c1148f6143b28bae5ace5e9c5d1) Importer(815301076,1909f56bfc062723c751e8b465ee728b)  -> (artifact id: 'b8e8123ac9af8fa8aa0ffc0bb592fc43') in 0.004083 seconds
Number of updated asset objects reloaded before import = 0
Number of asset objects unloaded after import = 3
========================================================================
Received Import Request.
  Time since last request: 0.000015 seconds.
  path: Assets/Settings/URP-HighFidelity-Renderer.asset
  artifactKey: Guid(c40be3174f62c4acf8c1216858c64956) Importer(815301076,1909f56bfc062723c751e8b465ee728b)
Start importing Assets/Settings/URP-HighFidelity-Renderer.asset using Guid(c40be3174f62c4acf8c1216858c64956) Importer(815301076,1909f56bfc062723c751e8b465ee728b)  -> (artifact id: '4733acff6f8a2aa94bf68af8bc77233b') in 0.000677 seconds
Number of updated asset objects reloaded before import = 0
Number of asset objects unloaded after import = 0
========================================================================
Received Import Request.
  Time since last request: 0.001429 seconds.
  path: Assets/Settings/URP-Performant-Renderer.asset
  artifactKey: Guid(707360a9c581a4bd7aa53bfeb1429f71) Importer(815301076,1909f56bfc062723c751e8b465ee728b)
Start importing Assets/Settings/URP-Performant-Renderer.asset using Guid(707360a9c581a4bd7aa53bfeb1429f71) Importer(815301076,1909f56bfc062723c751e8b465ee728b)  -> (artifact id: 'bb2982116256b28d1ec38429e53eb6a6') in 0.001517 seconds
Number of updated asset objects reloaded before import = 0
Number of asset objects unloaded after import = 1
========================================================================
Received Import Request.
  Time since last request: 1251.407927 seconds.
  path: Assets/Polytope Studio/Lowpoly_Environments/Prefabs/Rocks
  artifactKey: Guid(c074246cbfde8eb4bb1b1203417f3bf2) Importer(815301076,1909f56bfc062723c751e8b465ee728b)
Start importing Assets/Polytope Studio/Lowpoly_Environments/Prefabs/Rocks using Guid(c074246cbfde8eb4bb1b1203417f3bf2) Importer(815301076,1909f56bfc062723c751e8b465ee728b)  -> (artifact id: '27973e966b88c2ac72e269b74997058a') in 0.000862 seconds
Number of updated asset objects reloaded before import = 0
Number of asset objects unloaded after import = 0
========================================================================
Received Prepare
Begin MonoManager ReloadAssembly
- Loaded All Assemblies, in  0.811 seconds
Refreshing native plugins compatible for Editor in 1.60 ms, found 3 plugins.
Native extension for WindowsStandalone target not found
Native extension for WebGL target not found
[Package Manager] Server::EnsureServerProcessIsRunning -- launch failed, reason: Unity was launched with the -noUpm command-line argument
[Package Manager] UpmClient::Send -- Unable to send message (not connected to UPM process).
[Package Manager] Cannot connect to Unity Package Manager local server
Mono: successfully reloaded assembly
- Finished resetting the current domain, in  1.090 seconds
Domain Reload Profiling: 1901ms
	BeginReloadAssembly (272ms)
		ExecutionOrderSort (0ms)
		DisableScriptedObjects (21ms)
		BackupInstance (0ms)
		ReleaseScriptingObjects (0ms)
		CreateAndSetChildDomain (103ms)
	RebuildCommonClasses (36ms)
	RebuildNativeTypeToScriptingClass (12ms)
	initialDomainReloadingComplete (26ms)
	LoadAllAssembliesAndSetupDomain (465ms)
		LoadAssemblies (459ms)
		RebuildTransferFunctionScriptingTraits (0ms)
		AnalyzeDomain (114ms)
			TypeCache.Refresh (75ms)
				TypeCache.ScanAssembly (57ms)
			ScanForSourceGeneratedMonoScriptInfo (24ms)
			ResolveRequiredComponents (14ms)
	FinalizeReload (1091ms)
		ReleaseScriptCaches (0ms)
		RebuildScriptCaches (0ms)
		SetupLoadedEditorAssemblies (466ms)
			LogAssemblyErrors (0ms)
			InitializePlatformSupportModulesInManaged (7ms)
			SetLoadedEditorAssemblies (4ms)
			RefreshPlugins (0ms)
			BeforeProcessingInitializeOnLoad (76ms)
			ProcessInitializeOnLoadAttributes (306ms)
			ProcessInitializeOnLoadMethodAttributes (68ms)
			AfterProcessingInitializeOnLoad (6ms)
			EditorAssembliesLoaded (0ms)
		ExecutionOrderSort2 (0ms)
		AwakeInstancesAfterBackupRestoration (20ms)
Refreshing native plugins compatible for Editor in 1.72 ms, found 3 plugins.
Preloading 0 native plugins for Editor in 0.00 ms.
Unloading 5370 Unused Serialized files (Serialized files now loaded: 0)
Unloading 54 unused Assets / (2.7 MB). Loaded Objects now: 6102.
Memory consumption went from 211.1 MB to 208.4 MB.
Total: 4.780300 ms (FindLiveObjects: 0.444700 ms CreateObjectMapping: 0.260000 ms MarkObjects: 3.222400 ms  DeleteObjects: 0.852100 ms)

Prepare: number of updated asset objects reloaded= 0
AssetImportParameters requested are different than current active one (requested -> active):
  custom:container-demuxer-ogg: 62fdf1f143b41e24485cea50d1cbac27 -> 
  custom:video-decoder-ogg-theora: a1e56fd34408186e4bbccfd4996cb3dc -> 
  custom:framework-win-MediaFoundation: 216162199b28c13a410421893ffa2e32 -> 
  custom:CustomObjectIndexerAttribute: 4d1d7186bcbbfe361de5f0ad951e585c -> 
  custom:container-demuxer-webm: 4f35f7cbe854078d1ac9338744f61a02 -> 
  custom:container-muxer-webm: aa71ff27fc2769a1b78a27578f13a17b -> 
  custom:video-decoder-webm-vp8: 9c59270c3fd7afecdb556c50c9e8de78 -> 
  custom:SearchIndexIgnoredProperties: e643bd26f0fe6173181afceb89e7c659 -> 
  custom:AudioImporter_EditorPlatform: d09bf68614088b80899f8185d706f6e7 -> 
  custom:video-encoder-webm-vp8: eb34c28f22e8b96e1ab97ce403110664 -> 
  custom:audio-decoder-ogg-vorbis: bf7c407c2cedff20999df2af8eb42d56 -> 
  custom:audio-encoder-webm-vorbis: bf7c407c2cedff20999df2af8eb42d56 -> 
========================================================================
Received Import Request.
  Time since last request: 1688.140912 seconds.
  path: Assets/Stylized Crystal/Mesh/crystal_17_2.fbx
  artifactKey: Guid(4d7cc98ae5cab2947a8d9fa3c15e4fa8) Importer(815301076,1909f56bfc062723c751e8b465ee728b)
Start importing Assets/Stylized Crystal/Mesh/crystal_17_2.fbx using Guid(4d7cc98ae5cab2947a8d9fa3c15e4fa8) Importer(815301076,1909f56bfc062723c751e8b465ee728b)  -> (artifact id: 'd48dc4be7c4a9c9ef96df52dcba75d71') in 0.284995 seconds
Number of updated asset objects reloaded before import = 0
Number of asset objects unloaded after import = 31
========================================================================
Received Import Request.
  Time since last request: 0.056971 seconds.
  path: Assets/Stylized Crystal/Prefab/crystal_17_2.prefab
  artifactKey: Guid(465c505844950da499dcf096a6da4409) Importer(815301076,1909f56bfc062723c751e8b465ee728b)
Start importing Assets/Stylized Crystal/Prefab/crystal_17_2.prefab using Guid(465c505844950da499dcf096a6da4409) Importer(815301076,1909f56bfc062723c751e8b465ee728b)  -> (artifact id: '6bb7a743ed6c17aa440764c3d18bc1c9') in 0.021397 seconds
Number of updated asset objects reloaded before import = 0
Number of asset objects unloaded after import = 12
========================================================================
Received Import Request.
  Time since last request: 51.012936 seconds.
  path: Assets/New Terrain.asset
  artifactKey: Guid(c78a118144a941042a1bc34b689a960b) Importer(815301076,1909f56bfc062723c751e8b465ee728b)
Start importing Assets/New Terrain.asset using Guid(c78a118144a941042a1bc34b689a960b) Importer(815301076,1909f56bfc062723c751e8b465ee728b)  -> (artifact id: '45a7ef6ee7e8b6e2b8763302ce779e74') in 0.023866 seconds
Number of updated asset objects reloaded before import = 0
Number of asset objects unloaded after import = 24
========================================================================
Received Import Request.
  Time since last request: 11.232411 seconds.
  path: Assets/Stylized Crystal/Texture/crystal_17_2.png
  artifactKey: Guid(6f719c3bb48788e439c27891aa28f61f) Importer(815301076,1909f56bfc062723c751e8b465ee728b)
Start importing Assets/Stylized Crystal/Texture/crystal_17_2.png using Guid(6f719c3bb48788e439c27891aa28f61f) Importer(815301076,1909f56bfc062723c751e8b465ee728b)  -> (artifact id: 'd860450c8973c4654174af7b79563bc6') in 0.027558 seconds
Number of updated asset objects reloaded before import = 0
Number of asset objects unloaded after import = 2
========================================================================
Received Import Request.
  Time since last request: 39.640654 seconds.
  path: Assets/Stylized Crystal/Mesh/Materials
  artifactKey: Guid(21e2df665eb8b834da04ec638377cb31) Importer(815301076,1909f56bfc062723c751e8b465ee728b)
Start importing Assets/Stylized Crystal/Mesh/Materials using Guid(21e2df665eb8b834da04ec638377cb31) Importer(815301076,1909f56bfc062723c751e8b465ee728b)  -> (artifact id: 'f41b59afd398fe0b96b87366062173cf') in 0.000672 seconds
Number of updated asset objects reloaded before import = 0
Number of asset objects unloaded after import = 0
========================================================================
Received Import Request.
  Time since last request: 491.735674 seconds.
  path: Packages/com.unity.render-pipelines.universal/Runtime/Materials/ParticlesUnlit.mat
  artifactKey: Guid(e823cd5b5d27c0f4b8256e7c12ee3e6d) Importer(815301076,1909f56bfc062723c751e8b465ee728b)
Start importing Packages/com.unity.render-pipelines.universal/Runtime/Materials/ParticlesUnlit.mat using Guid(e823cd5b5d27c0f4b8256e7c12ee3e6d) Importer(815301076,1909f56bfc062723c751e8b465ee728b)  -> (artifact id: 'fcb0cd097d60c3f8339fe4a96d50e280') in 0.111768 seconds
Number of updated asset objects reloaded before import = 0
Number of asset objects unloaded after import = 1
========================================================================
Received Prepare
Begin MonoManager ReloadAssembly
- Loaded All Assemblies, in  0.392 seconds
Refreshing native plugins compatible for Editor in 1.54 ms, found 3 plugins.
Native extension for WindowsStandalone target not found
Native extension for WebGL target not found
[Package Manager] Server::EnsureServerProcessIsRunning -- launch failed, reason: Unity was launched with the -noUpm command-line argument
[Package Manager] UpmClient::Send -- Unable to send message (not connected to UPM process).
[Package Manager] Cannot connect to Unity Package Manager local server
Mono: successfully reloaded assembly
- Finished resetting the current domain, in  0.921 seconds
Domain Reload Profiling: 1312ms
	BeginReloadAssembly (156ms)
		ExecutionOrderSort (0ms)
		DisableScriptedObjects (10ms)
		BackupInstance (0ms)
		ReleaseScriptingObjects (0ms)
		CreateAndSetChildDomain (44ms)
	RebuildCommonClasses (26ms)
	RebuildNativeTypeToScriptingClass (9ms)
	initialDomainReloadingComplete (23ms)
	LoadAllAssembliesAndSetupDomain (176ms)
		LoadAssemblies (234ms)
		RebuildTransferFunctionScriptingTraits (0ms)
		AnalyzeDomain (16ms)
			TypeCache.Refresh (7ms)
				TypeCache.ScanAssembly (0ms)
			ScanForSourceGeneratedMonoScriptInfo (0ms)
			ResolveRequiredComponents (9ms)
	FinalizeReload (922ms)
		ReleaseScriptCaches (0ms)
		RebuildScriptCaches (0ms)
		SetupLoadedEditorAssemblies (402ms)
			LogAssemblyErrors (0ms)
			InitializePlatformSupportModulesInManaged (6ms)
			SetLoadedEditorAssemblies (3ms)
			RefreshPlugins (0ms)
			BeforeProcessingInitializeOnLoad (59ms)
			ProcessInitializeOnLoadAttributes (268ms)
			ProcessInitializeOnLoadMethodAttributes (61ms)
			AfterProcessingInitializeOnLoad (5ms)
			EditorAssembliesLoaded (0ms)
		ExecutionOrderSort2 (0ms)
		AwakeInstancesAfterBackupRestoration (20ms)
Refreshing native plugins compatible for Editor in 1.89 ms, found 3 plugins.
Preloading 0 native plugins for Editor in 0.00 ms.
Unloading 5365 Unused Serialized files (Serialized files now loaded: 0)
Unloading 49 unused Assets / (1.9 MB). Loaded Objects now: 6150.
Memory consumption went from 211.6 MB to 209.7 MB.
Total: 5.115100 ms (FindLiveObjects: 0.475700 ms CreateObjectMapping: 0.354500 ms MarkObjects: 3.724000 ms  DeleteObjects: 0.559900 ms)

Prepare: number of updated asset objects reloaded= 0
AssetImportParameters requested are different than current active one (requested -> active):
  custom:container-demuxer-ogg: 62fdf1f143b41e24485cea50d1cbac27 -> 
  custom:video-decoder-ogg-theora: a1e56fd34408186e4bbccfd4996cb3dc -> 
  custom:framework-win-MediaFoundation: 216162199b28c13a410421893ffa2e32 -> 
  custom:CustomObjectIndexerAttribute: 4d1d7186bcbbfe361de5f0ad951e585c -> 
  custom:container-demuxer-webm: 4f35f7cbe854078d1ac9338744f61a02 -> 
  custom:container-muxer-webm: aa71ff27fc2769a1b78a27578f13a17b -> 
  custom:video-decoder-webm-vp8: 9c59270c3fd7afecdb556c50c9e8de78 -> 
  custom:SearchIndexIgnoredProperties: e643bd26f0fe6173181afceb89e7c659 -> 
  custom:AudioImporter_EditorPlatform: d09bf68614088b80899f8185d706f6e7 -> 
  custom:video-encoder-webm-vp8: eb34c28f22e8b96e1ab97ce403110664 -> 
  custom:audio-decoder-ogg-vorbis: bf7c407c2cedff20999df2af8eb42d56 -> 
  custom:audio-encoder-webm-vorbis: bf7c407c2cedff20999df2af8eb42d56 -> 
