Using pre-set license
Built from '2022.3/staging' branch; Version is '2022.3.15f1 (b58023a2b463) revision 11894819'; Using compiler version '192829333'; Build Type 'Release'
OS: 'Windows 11  (10.0.22631) 64bit CoreSingleLanguage' Language: 'en' Physical Memory: 16147 MB
BatchMode: 1, IsHumanControllingUs: 0, StartBugReporterOnCrash: 0, Is64bit: 1, IsPro: 1

COMMAND LINE ARGUMENTS:
C:\Program Files\Unity\Hub\Editor\2022.3.15f1\Editor\Unity.exe
-adb2
-batchMode
-noUpm
-name
AssetImportWorker3
-projectPath
D:/Unity/Project_3D
-logFile
Logs/AssetImportWorker3.log
-srvPort
65010
Successfully changed project path to: D:/Unity/Project_3D
D:/Unity/Project_3D
[UnityMemory] Configuration Parameters - Can be set up in boot.config
    "memorysetup-bucket-allocator-granularity=16"
    "memorysetup-bucket-allocator-bucket-count=8"
    "memorysetup-bucket-allocator-block-size=33554432"
    "memorysetup-bucket-allocator-block-count=8"
    "memorysetup-main-allocator-block-size=16777216"
    "memorysetup-thread-allocator-block-size=16777216"
    "memorysetup-gfx-main-allocator-block-size=16777216"
    "memorysetup-gfx-thread-allocator-block-size=16777216"
    "memorysetup-cache-allocator-block-size=4194304"
    "memorysetup-typetree-allocator-block-size=2097152"
    "memorysetup-profiler-bucket-allocator-granularity=16"
    "memorysetup-profiler-bucket-allocator-bucket-count=8"
    "memorysetup-profiler-bucket-allocator-block-size=33554432"
    "memorysetup-profiler-bucket-allocator-block-count=8"
    "memorysetup-profiler-allocator-block-size=16777216"
    "memorysetup-profiler-editor-allocator-block-size=1048576"
    "memorysetup-temp-allocator-size-main=16777216"
    "memorysetup-job-temp-allocator-block-size=2097152"
    "memorysetup-job-temp-allocator-block-size-background=1048576"
    "memorysetup-job-temp-allocator-reduction-small-platforms=262144"
    "memorysetup-allocator-temp-initial-block-size-main=262144"
    "memorysetup-allocator-temp-initial-block-size-worker=262144"
    "memorysetup-temp-allocator-size-background-worker=32768"
    "memorysetup-temp-allocator-size-job-worker=262144"
    "memorysetup-temp-allocator-size-preload-manager=33554432"
    "memorysetup-temp-allocator-size-nav-mesh-worker=65536"
    "memorysetup-temp-allocator-size-audio-worker=65536"
    "memorysetup-temp-allocator-size-cloud-worker=32768"
    "memorysetup-temp-allocator-size-gi-baking-worker=262144"
    "memorysetup-temp-allocator-size-gfx=262144"
Player connection [34520] Host "[IP] 192.168.52.1 [Port] 0 [Flags] 2 [Guid] 881286665 [EditorId] 881286665 [Version] 1048832 [Id] WindowsEditor(7,LAPTOP-FLTTGF5G) [Debug] 1 [PackageName] WindowsEditor [ProjectName] Editor" joined multi-casting on [225.0.0.222:54997]...

Player connection [34520] Host "[IP] 192.168.52.1 [Port] 0 [Flags] 2 [Guid] 881286665 [EditorId] 881286665 [Version] 1048832 [Id] WindowsEditor(7,LAPTOP-FLTTGF5G) [Debug] 1 [PackageName] WindowsEditor [ProjectName] Editor" joined alternative multi-casting on [225.0.0.222:34997]...

[Physics::Module] Initialized MultithreadedJobDispatcher with 15 workers.
Refreshing native plugins compatible for Editor in 6.26 ms, found 3 plugins.
Preloading 0 native plugins for Editor in 0.00 ms.
Initialize engine version: 2022.3.15f1 (b58023a2b463)
[Subsystems] Discovering subsystems at path C:/Program Files/Unity/Hub/Editor/2022.3.15f1/Editor/Data/Resources/UnitySubsystems
[Subsystems] Discovering subsystems at path D:/Unity/Project_3D/Assets
GfxDevice: creating device client; threaded=0; jobified=0
Direct3D:
    Version:  Direct3D 11.0 [level 11.1]
    Renderer: NVIDIA GeForce RTX 3050 Ti Laptop GPU (ID=0x25a0)
    Vendor:   NVIDIA
    VRAM:     3962 MB
    Driver:   32.0.15.5599
Initialize mono
Mono path[0] = 'C:/Program Files/Unity/Hub/Editor/2022.3.15f1/Editor/Data/Managed'
Mono path[1] = 'C:/Program Files/Unity/Hub/Editor/2022.3.15f1/Editor/Data/MonoBleedingEdge/lib/mono/unityjit-win32'
Mono config path = 'C:/Program Files/Unity/Hub/Editor/2022.3.15f1/Editor/Data/MonoBleedingEdge/etc'
Using monoOptions --debugger-agent=transport=dt_socket,embedding=1,server=y,suspend=n,address=127.0.0.1:56136
Begin MonoManager ReloadAssembly
Registering precompiled unity dll's ...
Register platform support module: C:/Program Files/Unity/Hub/Editor/2022.3.15f1/Editor/Data/PlaybackEngines/WebGLSupport/UnityEditor.WebGL.Extensions.dll
Register platform support module: C:/Program Files/Unity/Hub/Editor/2022.3.15f1/Editor/Data/PlaybackEngines/WindowsStandaloneSupport/UnityEditor.WindowsStandalone.Extensions.dll
Registered in 0.005232 seconds.
- Loaded All Assemblies, in  0.340 seconds
Native extension for WindowsStandalone target not found
Native extension for WebGL target not found
Mono: successfully reloaded assembly
- Finished resetting the current domain, in  0.272 seconds
Domain Reload Profiling: 611ms
	BeginReloadAssembly (111ms)
		ExecutionOrderSort (0ms)
		DisableScriptedObjects (0ms)
		BackupInstance (0ms)
		ReleaseScriptingObjects (0ms)
		CreateAndSetChildDomain (1ms)
	RebuildCommonClasses (30ms)
	RebuildNativeTypeToScriptingClass (9ms)
	initialDomainReloadingComplete (50ms)
	LoadAllAssembliesAndSetupDomain (138ms)
		LoadAssemblies (110ms)
		RebuildTransferFunctionScriptingTraits (0ms)
		AnalyzeDomain (136ms)
			TypeCache.Refresh (134ms)
				TypeCache.ScanAssembly (120ms)
			ScanForSourceGeneratedMonoScriptInfo (0ms)
			ResolveRequiredComponents (0ms)
	FinalizeReload (272ms)
		ReleaseScriptCaches (0ms)
		RebuildScriptCaches (0ms)
		SetupLoadedEditorAssemblies (214ms)
			LogAssemblyErrors (0ms)
			InitializePlatformSupportModulesInManaged (9ms)
			SetLoadedEditorAssemblies (5ms)
			RefreshPlugins (0ms)
			BeforeProcessingInitializeOnLoad (3ms)
			ProcessInitializeOnLoadAttributes (138ms)
			ProcessInitializeOnLoadMethodAttributes (59ms)
			AfterProcessingInitializeOnLoad (0ms)
			EditorAssembliesLoaded (0ms)
		ExecutionOrderSort2 (0ms)
		AwakeInstancesAfterBackupRestoration (0ms)
========================================================================
Worker process is ready to serve import requests
Begin MonoManager ReloadAssembly
- Loaded All Assemblies, in  0.684 seconds
Refreshing native plugins compatible for Editor in 1.68 ms, found 3 plugins.
Native extension for WindowsStandalone target not found
Native extension for WebGL target not found
Package Manager log level set to [2]
[Package Manager] Server::EnsureServerProcessIsRunning -- launch failed, reason: Unity was launched with the -noUpm command-line argument
[Package Manager] UpmClient::Send -- Unable to send message (not connected to UPM process).
[Package Manager] Cannot connect to Unity Package Manager local server
Mono: successfully reloaded assembly
- Finished resetting the current domain, in  0.479 seconds
Domain Reload Profiling: 1161ms
	BeginReloadAssembly (177ms)
		ExecutionOrderSort (0ms)
		DisableScriptedObjects (5ms)
		BackupInstance (0ms)
		ReleaseScriptingObjects (0ms)
		CreateAndSetChildDomain (30ms)
	RebuildCommonClasses (34ms)
	RebuildNativeTypeToScriptingClass (11ms)
	initialDomainReloadingComplete (49ms)
	LoadAllAssembliesAndSetupDomain (411ms)
		LoadAssemblies (352ms)
		RebuildTransferFunctionScriptingTraits (0ms)
		AnalyzeDomain (160ms)
			TypeCache.Refresh (135ms)
				TypeCache.ScanAssembly (117ms)
			ScanForSourceGeneratedMonoScriptInfo (17ms)
			ResolveRequiredComponents (7ms)
	FinalizeReload (479ms)
		ReleaseScriptCaches (0ms)
		RebuildScriptCaches (0ms)
		SetupLoadedEditorAssemblies (355ms)
			LogAssemblyErrors (0ms)
			InitializePlatformSupportModulesInManaged (4ms)
			SetLoadedEditorAssemblies (3ms)
			RefreshPlugins (0ms)
			BeforeProcessingInitializeOnLoad (48ms)
			ProcessInitializeOnLoadAttributes (244ms)
			ProcessInitializeOnLoadMethodAttributes (52ms)
			AfterProcessingInitializeOnLoad (4ms)
			EditorAssembliesLoaded (0ms)
		ExecutionOrderSort2 (0ms)
		AwakeInstancesAfterBackupRestoration (5ms)
Launched and connected shader compiler UnityShaderCompiler.exe after 0.03 seconds
Refreshing native plugins compatible for Editor in 1.49 ms, found 3 plugins.
Preloading 0 native plugins for Editor in 0.00 ms.
Unloading 4928 Unused Serialized files (Serialized files now loaded: 0)
Unloading 65 unused Assets / (351.1 KB). Loaded Objects now: 5386.
Memory consumption went from 201.6 MB to 201.2 MB.
Total: 3.584600 ms (FindLiveObjects: 0.355500 ms CreateObjectMapping: 0.184200 ms MarkObjects: 2.808800 ms  DeleteObjects: 0.234800 ms)

AssetImportParameters requested are different than current active one (requested -> active):
  custom:container-demuxer-ogg: 62fdf1f143b41e24485cea50d1cbac27 -> 
  custom:video-decoder-ogg-theora: a1e56fd34408186e4bbccfd4996cb3dc -> 
  custom:framework-win-MediaFoundation: 216162199b28c13a410421893ffa2e32 -> 
  custom:CustomObjectIndexerAttribute: 4d1d7186bcbbfe361de5f0ad951e585c -> 
  custom:container-demuxer-webm: 4f35f7cbe854078d1ac9338744f61a02 -> 
  custom:container-muxer-webm: aa71ff27fc2769a1b78a27578f13a17b -> 
  custom:video-decoder-webm-vp8: 9c59270c3fd7afecdb556c50c9e8de78 -> 
  custom:SearchIndexIgnoredProperties: e643bd26f0fe6173181afceb89e7c659 -> 
  custom:AudioImporter_EditorPlatform: d09bf68614088b80899f8185d706f6e7 -> 
  custom:video-encoder-webm-vp8: eb34c28f22e8b96e1ab97ce403110664 -> 
  custom:audio-decoder-ogg-vorbis: bf7c407c2cedff20999df2af8eb42d56 -> 
  custom:audio-encoder-webm-vorbis: bf7c407c2cedff20999df2af8eb42d56 -> 
========================================================================
Received Import Request.
  Time since last request: 378367.600780 seconds.
  path: Assets/Low-Poly Medieval Market/Prefabs/fish_twisted_02.prefab
  artifactKey: Guid(25cf72de2a9eff945a3eea4ee1c034af) Importer(815301076,1909f56bfc062723c751e8b465ee728b)
Start importing Assets/Low-Poly Medieval Market/Prefabs/fish_twisted_02.prefab using Guid(25cf72de2a9eff945a3eea4ee1c034af) Importer(815301076,1909f56bfc062723c751e8b465ee728b)  -> (artifact id: '3f1123e759435c299efa2715e8dd479a') in 1.390129 seconds
Number of updated asset objects reloaded before import = 0
Number of asset objects unloaded after import = 11
========================================================================
Received Import Request.
  Time since last request: 46.343152 seconds.
  path: Assets/Low-Poly Medieval Market/Textures/Latens.tif
  artifactKey: Guid(c08df9614ce228a45b4c99e0a8dff6ae) Importer(815301076,1909f56bfc062723c751e8b465ee728b)
Start importing Assets/Low-Poly Medieval Market/Textures/Latens.tif using Guid(c08df9614ce228a45b4c99e0a8dff6ae) Importer(815301076,1909f56bfc062723c751e8b465ee728b)  -> (artifact id: 'e9aa374d7400add077ae50fa4600b135') in 0.035698 seconds
Number of updated asset objects reloaded before import = 0
Number of asset objects unloaded after import = 2
========================================================================
Received Import Request.
  Time since last request: 0.000020 seconds.
  path: Assets/Low-Poly Medieval Market/Scenes/SampleScene/ReflectionProbe-0.exr
  artifactKey: Guid(5936cc0e6c01b6a47bcacc066e388046) Importer(815301076,1909f56bfc062723c751e8b465ee728b)
Start importing Assets/Low-Poly Medieval Market/Scenes/SampleScene/ReflectionProbe-0.exr using Guid(5936cc0e6c01b6a47bcacc066e388046) Importer(815301076,1909f56bfc062723c751e8b465ee728b)  -> (artifact id: '65aead6c6ff54a81ce5560423b3865cd') in 0.035413 seconds
Number of updated asset objects reloaded before import = 0
Number of asset objects unloaded after import = 2
========================================================================
Received Import Request.
  Time since last request: 0.000027 seconds.
  path: Assets/Low-Poly Medieval Market/Textures/Weapon market.tif
  artifactKey: Guid(16adfabf761583f4a9ad5823e0ea8c8e) Importer(815301076,1909f56bfc062723c751e8b465ee728b)
Start importing Assets/Low-Poly Medieval Market/Textures/Weapon market.tif using Guid(16adfabf761583f4a9ad5823e0ea8c8e) Importer(815301076,1909f56bfc062723c751e8b465ee728b)  -> (artifact id: '22d9d4e73ba54b92597031ac0f735315') in 0.090336 seconds
Number of updated asset objects reloaded before import = 0
Number of asset objects unloaded after import = 2
========================================================================
Received Import Request.
  Time since last request: 39.962653 seconds.
  path: Assets/Low-Poly Medieval Market/Models/average_meat.fbx
  artifactKey: Guid(f1e45e089509d8440a06755a320a2971) Importer(815301076,1909f56bfc062723c751e8b465ee728b)
Start importing Assets/Low-Poly Medieval Market/Models/average_meat.fbx using Guid(f1e45e089509d8440a06755a320a2971) Importer(815301076,1909f56bfc062723c751e8b465ee728b)  -> (artifact id: 'af6fb4a92579a6d95d98fc28a6c1dec6') in 0.885145 seconds
Number of updated asset objects reloaded before import = 0
Number of asset objects unloaded after import = 8
========================================================================
Received Import Request.
  Time since last request: 8.552765 seconds.
  path: Assets/Low-Poly Medieval Market/Materials/Laterns.mat
  artifactKey: Guid(8e153a51647cf7f4cb57852c1a31d47d) Importer(815301076,1909f56bfc062723c751e8b465ee728b)
Start importing Assets/Low-Poly Medieval Market/Materials/Laterns.mat using Guid(8e153a51647cf7f4cb57852c1a31d47d) Importer(815301076,1909f56bfc062723c751e8b465ee728b)  -> (artifact id: 'e419c013ce2aa41a4530edbd84833ccd') in 0.601886 seconds
Number of updated asset objects reloaded before import = 0
Number of asset objects unloaded after import = 4
========================================================================
Received Import Request.
  Time since last request: 54.074137 seconds.
  path: Assets/Low-Poly Medieval Market/Prefabs/Fruits and vegetables/apple_red.prefab
  artifactKey: Guid(10e1618a04997b9449183bad8d969464) Importer(815301076,1909f56bfc062723c751e8b465ee728b)
Start importing Assets/Low-Poly Medieval Market/Prefabs/Fruits and vegetables/apple_red.prefab using Guid(10e1618a04997b9449183bad8d969464) Importer(815301076,1909f56bfc062723c751e8b465ee728b)  -> (artifact id: 'cd3a55061684fcdba1581805a8c20ac0') in 0.061491 seconds
Number of updated asset objects reloaded before import = 0
Number of asset objects unloaded after import = 10
========================================================================
Received Import Request.
  Time since last request: 0.000020 seconds.
  path: Assets/Low-Poly Medieval Market/Models/FBX Weapon market/axe.fbx
  artifactKey: Guid(8ab5ed643d71db440a2338820ca4fa91) Importer(815301076,1909f56bfc062723c751e8b465ee728b)
Start importing Assets/Low-Poly Medieval Market/Models/FBX Weapon market/axe.fbx using Guid(8ab5ed643d71db440a2338820ca4fa91) Importer(815301076,1909f56bfc062723c751e8b465ee728b)  -> (artifact id: 'a1f1034adff137317604bb5d8418f016') in 0.036527 seconds
Number of updated asset objects reloaded before import = 0
Number of asset objects unloaded after import = 8
========================================================================
Received Import Request.
  Time since last request: 0.000015 seconds.
  path: Assets/Low-Poly Medieval Market/Models/FBX Weapon market/armor_helmet.fbx
  artifactKey: Guid(a1aa7fd9efd838f4a867684d5ffcc611) Importer(815301076,1909f56bfc062723c751e8b465ee728b)
Start importing Assets/Low-Poly Medieval Market/Models/FBX Weapon market/armor_helmet.fbx using Guid(a1aa7fd9efd838f4a867684d5ffcc611) Importer(815301076,1909f56bfc062723c751e8b465ee728b)  -> (artifact id: 'a69c66889ac8afe6129a75795ea29949') in 0.058087 seconds
Number of updated asset objects reloaded before import = 0
Number of asset objects unloaded after import = 18
========================================================================
Received Import Request.
  Time since last request: 0.000023 seconds.
  path: Assets/Low-Poly Medieval Market/Prefabs/Fruits and vegetables/banana.prefab
  artifactKey: Guid(7b7a60980f07021488b8f2c94a96f93c) Importer(815301076,1909f56bfc062723c751e8b465ee728b)
Start importing Assets/Low-Poly Medieval Market/Prefabs/Fruits and vegetables/banana.prefab using Guid(7b7a60980f07021488b8f2c94a96f93c) Importer(815301076,1909f56bfc062723c751e8b465ee728b)  -> (artifact id: 'ebdbced1610e8b370425a0f5393aa169') in 0.038521 seconds
Number of updated asset objects reloaded before import = 0
Number of asset objects unloaded after import = 10
========================================================================
Received Import Request.
  Time since last request: 0.000056 seconds.
  path: Assets/Low-Poly Medieval Market/Models/FBX Weapon market/blacksmith_hammer.fbx
  artifactKey: Guid(08c36fd1bcfd64446a57573b7990d6ed) Importer(815301076,1909f56bfc062723c751e8b465ee728b)
Start importing Assets/Low-Poly Medieval Market/Models/FBX Weapon market/blacksmith_hammer.fbx using Guid(08c36fd1bcfd64446a57573b7990d6ed) Importer(815301076,1909f56bfc062723c751e8b465ee728b)  -> (artifact id: 'ffe2b10fc06412d8885da9e589fa1290') in 0.042605 seconds
Number of updated asset objects reloaded before import = 0
Number of asset objects unloaded after import = 8
========================================================================
Received Import Request.
  Time since last request: 0.000026 seconds.
  path: Assets/Low-Poly Medieval Market/Models/FBX Weapon market/arrow.fbx
  artifactKey: Guid(5cab68a22e51ff64088e8cd0e556ab8a) Importer(815301076,1909f56bfc062723c751e8b465ee728b)
Start importing Assets/Low-Poly Medieval Market/Models/FBX Weapon market/arrow.fbx using Guid(5cab68a22e51ff64088e8cd0e556ab8a) Importer(815301076,1909f56bfc062723c751e8b465ee728b)  -> (artifact id: '9f8300869d104afd71ae3ed4b9a54177') in 0.034881 seconds
Number of updated asset objects reloaded before import = 0
Number of asset objects unloaded after import = 8
========================================================================
Received Import Request.
  Time since last request: 0.000023 seconds.
  path: Assets/Low-Poly Medieval Market/Models/FBX Weapon market/armor_gorget.fbx
  artifactKey: Guid(133443e525b7d2044b8a1cc8894580f3) Importer(815301076,1909f56bfc062723c751e8b465ee728b)
Start importing Assets/Low-Poly Medieval Market/Models/FBX Weapon market/armor_gorget.fbx using Guid(133443e525b7d2044b8a1cc8894580f3) Importer(815301076,1909f56bfc062723c751e8b465ee728b)  -> (artifact id: '61e72fe9b22fffbb9a8e0f6fb650498a') in 0.020663 seconds
Number of updated asset objects reloaded before import = 0
Number of asset objects unloaded after import = 8
========================================================================
Received Import Request.
  Time since last request: 0.000019 seconds.
  path: Assets/Low-Poly Medieval Market/Prefabs/Armor/armor_helmet.prefab
  artifactKey: Guid(9d86cdb8206f52740a841d7a8860c89b) Importer(815301076,1909f56bfc062723c751e8b465ee728b)
Start importing Assets/Low-Poly Medieval Market/Prefabs/Armor/armor_helmet.prefab using Guid(9d86cdb8206f52740a841d7a8860c89b) Importer(815301076,1909f56bfc062723c751e8b465ee728b)  -> (artifact id: '389d26d6ad7d530c5c31009800c77f9d') in 0.041734 seconds
Number of updated asset objects reloaded before import = 0
Number of asset objects unloaded after import = 20
========================================================================
Received Import Request.
  Time since last request: 0.000027 seconds.
  path: Assets/Low-Poly Medieval Market/Prefabs/Environment/bush_02.prefab
  artifactKey: Guid(19029c1e7c9031d4bb5273374fc0dc4e) Importer(815301076,1909f56bfc062723c751e8b465ee728b)
Start importing Assets/Low-Poly Medieval Market/Prefabs/Environment/bush_02.prefab using Guid(19029c1e7c9031d4bb5273374fc0dc4e) Importer(815301076,1909f56bfc062723c751e8b465ee728b)  -> (artifact id: '0e51bb42805f300a83c21def1dbbcf0f') in 0.016264 seconds
Number of updated asset objects reloaded before import = 0
Number of asset objects unloaded after import = 10
========================================================================
Received Import Request.
  Time since last request: 1.166133 seconds.
  path: Assets/Low-Poly Medieval Market/Models/FBX Weapon market/crossbow_bolt.fbx
  artifactKey: Guid(2e194c541af091940aca83e4ebfb7070) Importer(815301076,1909f56bfc062723c751e8b465ee728b)
Start importing Assets/Low-Poly Medieval Market/Models/FBX Weapon market/crossbow_bolt.fbx using Guid(2e194c541af091940aca83e4ebfb7070) Importer(815301076,1909f56bfc062723c751e8b465ee728b)  -> (artifact id: 'b2a0c228df33c8cd05fe98422711d090') in 0.021268 seconds
Number of updated asset objects reloaded before import = 0
Number of asset objects unloaded after import = 8
========================================================================
Received Import Request.
  Time since last request: 0.000024 seconds.
  path: Assets/Low-Poly Medieval Market/Prefabs/Weapons/curved_dagger.prefab
  artifactKey: Guid(a2674319195dc7347bcebeb89032aca4) Importer(815301076,1909f56bfc062723c751e8b465ee728b)
Start importing Assets/Low-Poly Medieval Market/Prefabs/Weapons/curved_dagger.prefab using Guid(a2674319195dc7347bcebeb89032aca4) Importer(815301076,1909f56bfc062723c751e8b465ee728b)  -> (artifact id: '983c15b774c8c8ad3a036c9c3307daeb') in 0.038474 seconds
Number of updated asset objects reloaded before import = 0
Number of asset objects unloaded after import = 10
========================================================================
Received Import Request.
  Time since last request: 1.138908 seconds.
  path: Assets/Low-Poly Medieval Market/Models/grass_02.fbx
  artifactKey: Guid(cb029d78bdbe3f04e81a7eb0ee858b03) Importer(815301076,1909f56bfc062723c751e8b465ee728b)
Start importing Assets/Low-Poly Medieval Market/Models/grass_02.fbx using Guid(cb029d78bdbe3f04e81a7eb0ee858b03) Importer(815301076,1909f56bfc062723c751e8b465ee728b)  -> (artifact id: '1717cfd5c4e374cb95984a138b254a59') in 0.023981 seconds
Number of updated asset objects reloaded before import = 0
Number of asset objects unloaded after import = 8
========================================================================
Received Import Request.
  Time since last request: 0.000016 seconds.
  path: Assets/Low-Poly Medieval Market/Models/leather_dressing_frame.fbx
  artifactKey: Guid(25c02d141ccf858419e7e6f088bc206e) Importer(815301076,1909f56bfc062723c751e8b465ee728b)
Start importing Assets/Low-Poly Medieval Market/Models/leather_dressing_frame.fbx using Guid(25c02d141ccf858419e7e6f088bc206e) Importer(815301076,1909f56bfc062723c751e8b465ee728b)  -> (artifact id: '0e14dfe0d6109bc716bf09eb5ebe4cf0') in 0.018057 seconds
Number of updated asset objects reloaded before import = 0
Number of asset objects unloaded after import = 8
========================================================================
Received Import Request.
  Time since last request: 0.000021 seconds.
  path: Assets/Low-Poly Medieval Market/Prefabs/Armor/helmet_visor_solo.prefab
  artifactKey: Guid(9184adcc3e6a26d469539042e806b4c3) Importer(815301076,1909f56bfc062723c751e8b465ee728b)
Start importing Assets/Low-Poly Medieval Market/Prefabs/Armor/helmet_visor_solo.prefab using Guid(9184adcc3e6a26d469539042e806b4c3) Importer(815301076,1909f56bfc062723c751e8b465ee728b)  -> (artifact id: '646b78b9d2918f9b637fb483ee4f769c') in 0.045459 seconds
Number of updated asset objects reloaded before import = 0
Number of asset objects unloaded after import = 12
========================================================================
Received Import Request.
  Time since last request: 0.000053 seconds.
  path: Assets/Low-Poly Medieval Market/Models/Island.fbx
  artifactKey: Guid(f3d740d7f7cf3344bb43277317687763) Importer(815301076,1909f56bfc062723c751e8b465ee728b)
Start importing Assets/Low-Poly Medieval Market/Models/Island.fbx using Guid(f3d740d7f7cf3344bb43277317687763) Importer(815301076,1909f56bfc062723c751e8b465ee728b)  -> (artifact id: '3f63a6406dd13c0e0658700ab455926f') in 0.023618 seconds
Number of updated asset objects reloaded before import = 0
Number of asset objects unloaded after import = 8
========================================================================
Received Import Request.
  Time since last request: 0.000048 seconds.
  path: Assets/Low-Poly Medieval Market/Prefabs/Weapons/mace.prefab
  artifactKey: Guid(93b246921b0fb3d4fa054186c3505528) Importer(815301076,1909f56bfc062723c751e8b465ee728b)
Start importing Assets/Low-Poly Medieval Market/Prefabs/Weapons/mace.prefab using Guid(93b246921b0fb3d4fa054186c3505528) Importer(815301076,1909f56bfc062723c751e8b465ee728b)  -> (artifact id: '7115c99e9f471303f8872a7f998a23e5') in 0.052586 seconds
Number of updated asset objects reloaded before import = 0
Number of asset objects unloaded after import = 10
========================================================================
Received Import Request.
  Time since last request: 0.000024 seconds.
  path: Assets/Low-Poly Medieval Market/Models/meat_hanger.fbx
  artifactKey: Guid(bfd8f19bd5e0ce344ac875e42aa3678c) Importer(815301076,1909f56bfc062723c751e8b465ee728b)
Start importing Assets/Low-Poly Medieval Market/Models/meat_hanger.fbx using Guid(bfd8f19bd5e0ce344ac875e42aa3678c) Importer(815301076,1909f56bfc062723c751e8b465ee728b)  -> (artifact id: '113c53cd9bc7f6b04cf6848363ea96bf') in 0.024753 seconds
Number of updated asset objects reloaded before import = 0
Number of asset objects unloaded after import = 8
========================================================================
Received Import Request.
  Time since last request: 0.000034 seconds.
  path: Assets/Low-Poly Medieval Market/Models/lamp_post.fbx
  artifactKey: Guid(4e392ec6d15022a47bebb3f4d7c69204) Importer(815301076,1909f56bfc062723c751e8b465ee728b)
Start importing Assets/Low-Poly Medieval Market/Models/lamp_post.fbx using Guid(4e392ec6d15022a47bebb3f4d7c69204) Importer(815301076,1909f56bfc062723c751e8b465ee728b)  -> (artifact id: '603426dc1a9010258aec39aa18922144') in 0.021071 seconds
Number of updated asset objects reloaded before import = 0
Number of asset objects unloaded after import = 8
========================================================================
Received Import Request.
  Time since last request: 0.000018 seconds.
  path: Assets/Low-Poly Medieval Market/Models/FBX Weapon market/mace.fbx
  artifactKey: Guid(dee91cc0ec8d6fa4d8e5ffb4ca109ed1) Importer(815301076,1909f56bfc062723c751e8b465ee728b)
Start importing Assets/Low-Poly Medieval Market/Models/FBX Weapon market/mace.fbx using Guid(dee91cc0ec8d6fa4d8e5ffb4ca109ed1) Importer(815301076,1909f56bfc062723c751e8b465ee728b)  -> (artifact id: 'aeb785de5aff5d5475aaa552ad207be1') in 0.021129 seconds
Number of updated asset objects reloaded before import = 0
Number of asset objects unloaded after import = 8
========================================================================
Received Import Request.
  Time since last request: 0.000019 seconds.
  path: Assets/Low-Poly Medieval Market/Prefabs/Weapons/long_bow.prefab
  artifactKey: Guid(72bda203642b55d448714d7c6b19aa75) Importer(815301076,1909f56bfc062723c751e8b465ee728b)
Start importing Assets/Low-Poly Medieval Market/Prefabs/Weapons/long_bow.prefab using Guid(72bda203642b55d448714d7c6b19aa75) Importer(815301076,1909f56bfc062723c751e8b465ee728b)  -> (artifact id: '062f29809ad5e6e709094fd79f940359') in 0.052386 seconds
Number of updated asset objects reloaded before import = 0
Number of asset objects unloaded after import = 15
========================================================================
Received Import Request.
  Time since last request: 0.157242 seconds.
  path: Assets/Low-Poly Medieval Market/Prefabs/Weapons/one_handed_sword.prefab
  artifactKey: Guid(a262d897f717f8f4f8c816f018cf988c) Importer(815301076,1909f56bfc062723c751e8b465ee728b)
Start importing Assets/Low-Poly Medieval Market/Prefabs/Weapons/one_handed_sword.prefab using Guid(a262d897f717f8f4f8c816f018cf988c) Importer(815301076,1909f56bfc062723c751e8b465ee728b)  -> (artifact id: '72870e9f0baa208d3cfeb94b5f2d8195') in 0.052231 seconds
Number of updated asset objects reloaded before import = 0
Number of asset objects unloaded after import = 10
========================================================================
Received Import Request.
  Time since last request: 0.000032 seconds.
  path: Assets/Low-Poly Medieval Market/Models/pastry.fbx
  artifactKey: Guid(0beffb5271d8f24449893df9714c08b6) Importer(815301076,1909f56bfc062723c751e8b465ee728b)
Start importing Assets/Low-Poly Medieval Market/Models/pastry.fbx using Guid(0beffb5271d8f24449893df9714c08b6) Importer(815301076,1909f56bfc062723c751e8b465ee728b)  -> (artifact id: '8cfb290a9404fd7dc36c69de3524ee86') in 0.025060 seconds
Number of updated asset objects reloaded before import = 0
Number of asset objects unloaded after import = 8
========================================================================
Received Import Request.
  Time since last request: 0.000066 seconds.
  path: Assets/Low-Poly Medieval Market/Models/piece_of_cheese.fbx
  artifactKey: Guid(03b5bd5f46b4e1a4f91a5e7648fb0dbf) Importer(815301076,1909f56bfc062723c751e8b465ee728b)
Start importing Assets/Low-Poly Medieval Market/Models/piece_of_cheese.fbx using Guid(03b5bd5f46b4e1a4f91a5e7648fb0dbf) Importer(815301076,1909f56bfc062723c751e8b465ee728b)  -> (artifact id: '072e99fc9ddd6af8b452da24bc7f61aa') in 0.020831 seconds
Number of updated asset objects reloaded before import = 0
Number of asset objects unloaded after import = 8
========================================================================
Received Import Request.
  Time since last request: 0.435959 seconds.
  path: Assets/Low-Poly Medieval Market/Models/rag.fbx
  artifactKey: Guid(6866ebb83c09d0849ade44c49a23b726) Importer(815301076,1909f56bfc062723c751e8b465ee728b)
Start importing Assets/Low-Poly Medieval Market/Models/rag.fbx using Guid(6866ebb83c09d0849ade44c49a23b726) Importer(815301076,1909f56bfc062723c751e8b465ee728b)  -> (artifact id: '7bbaa4f4a5c9a0e98083a38052c68848') in 0.015010 seconds
Number of updated asset objects reloaded before import = 0
Number of asset objects unloaded after import = 8
========================================================================
Received Import Request.
  Time since last request: 0.000021 seconds.
  path: Assets/Low-Poly Medieval Market/Models/round_bread.fbx
  artifactKey: Guid(dd890c06263fdbe47be82693915f1a70) Importer(815301076,1909f56bfc062723c751e8b465ee728b)
Start importing Assets/Low-Poly Medieval Market/Models/round_bread.fbx using Guid(dd890c06263fdbe47be82693915f1a70) Importer(815301076,1909f56bfc062723c751e8b465ee728b)  -> (artifact id: 'd8e8292b3d2b74b8fd621b27d9c5ed04') in 0.021820 seconds
Number of updated asset objects reloaded before import = 0
Number of asset objects unloaded after import = 8
========================================================================
Received Import Request.
  Time since last request: 0.000030 seconds.
  path: Assets/Low-Poly Medieval Market/Models/section_02.fbx
  artifactKey: Guid(5a7ced3fa5d616349b80fd0a2e4fbca8) Importer(815301076,1909f56bfc062723c751e8b465ee728b)
Start importing Assets/Low-Poly Medieval Market/Models/section_02.fbx using Guid(5a7ced3fa5d616349b80fd0a2e4fbca8) Importer(815301076,1909f56bfc062723c751e8b465ee728b)  -> (artifact id: 'c93b28dcbe8392d7ae23182352c3e678') in 0.017605 seconds
Number of updated asset objects reloaded before import = 0
Number of asset objects unloaded after import = 8
========================================================================
Received Import Request.
  Time since last request: 0.587794 seconds.
  path: Assets/Low-Poly Medieval Market/Models/FBX Weapon market/section_06.fbx
  artifactKey: Guid(78ff8483b89c12341a30768d76a697f2) Importer(815301076,1909f56bfc062723c751e8b465ee728b)
Start importing Assets/Low-Poly Medieval Market/Models/FBX Weapon market/section_06.fbx using Guid(78ff8483b89c12341a30768d76a697f2) Importer(815301076,1909f56bfc062723c751e8b465ee728b)  -> (artifact id: 'b1c6e1bf590d83d14fafc6cef058a234') in 0.015977 seconds
Number of updated asset objects reloaded before import = 0
Number of asset objects unloaded after import = 8
========================================================================
Received Import Request.
  Time since last request: 0.000020 seconds.
  path: Assets/Low-Poly Medieval Market/Models/FBX Weapon market/shield_01.fbx
  artifactKey: Guid(0e4398407680fda4c9ef81e02174b3c2) Importer(815301076,1909f56bfc062723c751e8b465ee728b)
Start importing Assets/Low-Poly Medieval Market/Models/FBX Weapon market/shield_01.fbx using Guid(0e4398407680fda4c9ef81e02174b3c2) Importer(815301076,1909f56bfc062723c751e8b465ee728b)  -> (artifact id: '2af53eda8adb0ccc46dc9d8d1be05bbc') in 0.015530 seconds
Number of updated asset objects reloaded before import = 0
Number of asset objects unloaded after import = 8
========================================================================
Received Import Request.
  Time since last request: 0.379042 seconds.
  path: Assets/Low-Poly Medieval Market/Prefabs/Weapons/short_bow.prefab
  artifactKey: Guid(b37d60f5221e08e4bb26a1a6a00c5bf8) Importer(815301076,1909f56bfc062723c751e8b465ee728b)
Start importing Assets/Low-Poly Medieval Market/Prefabs/Weapons/short_bow.prefab using Guid(b37d60f5221e08e4bb26a1a6a00c5bf8) Importer(815301076,1909f56bfc062723c751e8b465ee728b)  -> (artifact id: 'bdf28fdce5c41d7006da645ae6f23d1c') in 0.034507 seconds
Number of updated asset objects reloaded before import = 0
Number of asset objects unloaded after import = 15
========================================================================
Received Import Request.
  Time since last request: 0.000020 seconds.
  path: Assets/Low-Poly Medieval Market/Prefabs/Environment/stone_pillar.prefab
  artifactKey: Guid(db8edc7562833af4b9eebea07c69d5d9) Importer(815301076,1909f56bfc062723c751e8b465ee728b)
Start importing Assets/Low-Poly Medieval Market/Prefabs/Environment/stone_pillar.prefab using Guid(db8edc7562833af4b9eebea07c69d5d9) Importer(815301076,1909f56bfc062723c751e8b465ee728b)  -> (artifact id: '4f235915dfd1f62310ff1f1e3195b617') in 0.014146 seconds
Number of updated asset objects reloaded before import = 0
Number of asset objects unloaded after import = 10
========================================================================
Received Import Request.
  Time since last request: 0.000039 seconds.
  path: Assets/Low-Poly Medieval Market/Models/stone_fence_03.fbx
  artifactKey: Guid(ced8328dcd6ff85449e524474b164944) Importer(815301076,1909f56bfc062723c751e8b465ee728b)
Start importing Assets/Low-Poly Medieval Market/Models/stone_fence_03.fbx using Guid(ced8328dcd6ff85449e524474b164944) Importer(815301076,1909f56bfc062723c751e8b465ee728b)  -> (artifact id: 'd0a2e323c77e3e341014f2aff0cccf88') in 0.017410 seconds
Number of updated asset objects reloaded before import = 0
Number of asset objects unloaded after import = 8
========================================================================
Received Import Request.
  Time since last request: 0.000023 seconds.
  path: Assets/Low-Poly Medieval Market/Prefabs/Weapons/spear.prefab
  artifactKey: Guid(c64b2f9a2c80825418e67c7593456e1b) Importer(815301076,1909f56bfc062723c751e8b465ee728b)
Start importing Assets/Low-Poly Medieval Market/Prefabs/Weapons/spear.prefab using Guid(c64b2f9a2c80825418e67c7593456e1b) Importer(815301076,1909f56bfc062723c751e8b465ee728b)  -> (artifact id: 'b4b0bbc151543e46f120a355a7054115') in 0.034337 seconds
Number of updated asset objects reloaded before import = 0
Number of asset objects unloaded after import = 10
========================================================================
Received Import Request.
  Time since last request: 0.305944 seconds.
  path: Assets/Low-Poly Medieval Market/Models/tomato.fbx
  artifactKey: Guid(ff67b2d0df360374eadb902749e92c49) Importer(815301076,1909f56bfc062723c751e8b465ee728b)
Start importing Assets/Low-Poly Medieval Market/Models/tomato.fbx using Guid(ff67b2d0df360374eadb902749e92c49) Importer(815301076,1909f56bfc062723c751e8b465ee728b)  -> (artifact id: 'e9c3ec753b7601b1db99e46dfac125e8') in 0.021711 seconds
Number of updated asset objects reloaded before import = 0
Number of asset objects unloaded after import = 8
========================================================================
Received Import Request.
  Time since last request: 0.019150 seconds.
  path: Assets/Low-Poly Medieval Market/Prefabs/Environment/trailway_02.prefab
  artifactKey: Guid(94f6ad5cbfa2225449f7a5b5cac83d5f) Importer(815301076,1909f56bfc062723c751e8b465ee728b)
Start importing Assets/Low-Poly Medieval Market/Prefabs/Environment/trailway_02.prefab using Guid(94f6ad5cbfa2225449f7a5b5cac83d5f) Importer(815301076,1909f56bfc062723c751e8b465ee728b)  -> (artifact id: 'cf5169c4a9a3efcbad8b2ab0d73e8d37') in 0.022761 seconds
Number of updated asset objects reloaded before import = 0
Number of asset objects unloaded after import = 10
========================================================================
Received Import Request.
  Time since last request: 0.000018 seconds.
  path: Assets/Low-Poly Medieval Market/Prefabs/Environment/tree_03.prefab
  artifactKey: Guid(49a43a0f277453b4e9b4438abaae51d2) Importer(815301076,1909f56bfc062723c751e8b465ee728b)
Start importing Assets/Low-Poly Medieval Market/Prefabs/Environment/tree_03.prefab using Guid(49a43a0f277453b4e9b4438abaae51d2) Importer(815301076,1909f56bfc062723c751e8b465ee728b)  -> (artifact id: 'cd8603943ee2b17b55381b72c0b1533d') in 0.015144 seconds
Number of updated asset objects reloaded before import = 0
Number of asset objects unloaded after import = 10
========================================================================
Received Import Request.
  Time since last request: 0.000021 seconds.
  path: Assets/Low-Poly Medieval Market/Models/FBX Weapon market/two_handed_axe.fbx
  artifactKey: Guid(87b1697994d280a49aca7324c7fac59e) Importer(815301076,1909f56bfc062723c751e8b465ee728b)
Start importing Assets/Low-Poly Medieval Market/Models/FBX Weapon market/two_handed_axe.fbx using Guid(87b1697994d280a49aca7324c7fac59e) Importer(815301076,1909f56bfc062723c751e8b465ee728b)  -> (artifact id: '0cf96c3cf7fd975c51e44994f4b311f6') in 0.014512 seconds
Number of updated asset objects reloaded before import = 0
Number of asset objects unloaded after import = 8
========================================================================
Received Import Request.
  Time since last request: 0.277897 seconds.
  path: Assets/Low-Poly Medieval Market/Prefabs/Weapons/two_handed_sword.prefab
  artifactKey: Guid(18316d8df39495b44ab8d0fcea434874) Importer(815301076,1909f56bfc062723c751e8b465ee728b)
Start importing Assets/Low-Poly Medieval Market/Prefabs/Weapons/two_handed_sword.prefab using Guid(18316d8df39495b44ab8d0fcea434874) Importer(815301076,1909f56bfc062723c751e8b465ee728b)  -> (artifact id: 'c6c10c202072bd436d3e3312f2287c40') in 0.084199 seconds
Number of updated asset objects reloaded before import = 0
Number of asset objects unloaded after import = 10
========================================================================
Received Import Request.
  Time since last request: 0.000020 seconds.
  path: Assets/Low-Poly Medieval Market/Models/FBX Weapon market/weapon_market.fbx
  artifactKey: Guid(e28ceaa25c451bb479f01c21f8503ccf) Importer(815301076,1909f56bfc062723c751e8b465ee728b)
Start importing Assets/Low-Poly Medieval Market/Models/FBX Weapon market/weapon_market.fbx using Guid(e28ceaa25c451bb479f01c21f8503ccf) Importer(815301076,1909f56bfc062723c751e8b465ee728b)  -> (artifact id: '03bb11e502299063a852f0b2a7fa847d') in 0.019410 seconds
Number of updated asset objects reloaded before import = 0
Number of asset objects unloaded after import = 8
========================================================================
Received Import Request.
  Time since last request: 0.000021 seconds.
  path: Assets/Low-Poly Medieval Market/Prefabs/Fruits and vegetables/watermelon.prefab
  artifactKey: Guid(3436223d709f61749afb4adc7dbbc63e) Importer(815301076,1909f56bfc062723c751e8b465ee728b)
Start importing Assets/Low-Poly Medieval Market/Prefabs/Fruits and vegetables/watermelon.prefab using Guid(3436223d709f61749afb4adc7dbbc63e) Importer(815301076,1909f56bfc062723c751e8b465ee728b)  -> (artifact id: 'a6323a0d33f0f5e7c7021a14958905aa') in 0.021880 seconds
Number of updated asset objects reloaded before import = 0
Number of asset objects unloaded after import = 10
========================================================================
Received Import Request.
  Time since last request: 0.259568 seconds.
  path: Assets/Low-Poly Medieval Market/Models/wooden_box_destroyed.fbx
  artifactKey: Guid(6f113b7979482754a96e262399ec698b) Importer(815301076,1909f56bfc062723c751e8b465ee728b)
Start importing Assets/Low-Poly Medieval Market/Models/wooden_box_destroyed.fbx using Guid(6f113b7979482754a96e262399ec698b) Importer(815301076,1909f56bfc062723c751e8b465ee728b)  -> (artifact id: '19c9c8603257d5e4e4d4120d390b322e') in 0.017744 seconds
Number of updated asset objects reloaded before import = 0
Number of asset objects unloaded after import = 8
Editor requested this worker to shutdown with reason: Scaling down because of idle timeout
TcpMessagingSession - receive error: operation aborted. errorcode: 995, details: The I/O operation has been aborted because of either a thread exit or an application request.
AssetImportWorker is now disconnected from the server
Process exiting
Exiting without the bug reporter. Application will terminate with return code 0